[35m[1mScanning dependencies of target _move_pkg_generate_messages_check_deps_NaviLocation[0m
[35m[1mScanning dependencies of target _move_pkg_generate_messages_check_deps_SetLocation[0m
[35m[1mScanning dependencies of target _move_pkg_generate_messages_check_deps_NaviCoord[0m
[35m[1mScanning dependencies of target std_msgs_generate_messages_py[0m
[35m[1mScanning dependencies of target std_msgs_generate_messages_cpp[0m
[35m[1mScanning dependencies of target std_msgs_generate_messages_eus[0m
[35m[1mScanning dependencies of target std_msgs_generate_messages_nodejs[0m
[35m[1mScanning dependencies of target std_msgs_generate_messages_lisp[0m
[  0%] Built target std_msgs_generate_messages_py
[  0%] Built target std_msgs_generate_messages_cpp
[  0%] Built target std_msgs_generate_messages_lisp
[  0%] Built target std_msgs_generate_messages_nodejs
[  0%] Built target std_msgs_generate_messages_eus
[  0%] Built target _move_pkg_generate_messages_check_deps_NaviCoord
[  0%] Built target _move_pkg_generate_messages_check_deps_NaviLocation
[  0%] Built target _move_pkg_generate_messages_check_deps_SetLocation
[35m[1mScanning dependencies of target move_pkg_generate_messages_cpp[0m
[35m[1mScanning dependencies of target move_pkg_generate_messages_lisp[0m
[35m[1mScanning dependencies of target move_pkg_generate_messages_py[0m
[35m[1mScanning dependencies of target move_pkg_generate_messages_eus[0m
[35m[1mScanning dependencies of target move_pkg_generate_messages_nodejs[0m
[  5%] [34m[1mGenerating Python code from SRV move_pkg/NaviCoord[0m
[ 11%] [34m[1mGenerating Python code from SRV move_pkg/NaviLocation[0m
[ 17%] [34m[1mGenerating C++ code from move_pkg/NaviLocation.srv[0m
[ 23%] [34m[1mGenerating Lisp code from move_pkg/SetLocation.srv[0m
[ 29%] [34m[1mGenerating Python code from SRV move_pkg/SetLocation[0m
[ 35%] [34m[1mGenerating C++ code from move_pkg/SetLocation.srv[0m
[ 41%] [34m[1mGenerating Lisp code from move_pkg/NaviLocation.srv[0m
[ 47%] [34m[1mGenerating C++ code from move_pkg/NaviCoord.srv[0m
[ 52%] [34m[1mGenerating Lisp code from move_pkg/NaviCoord.srv[0m
[ 58%] [34m[1mGenerating Javascript code from move_pkg/NaviLocation.srv[0m
[ 64%] [34m[1mGenerating EusLisp code from move_pkg/NaviLocation.srv[0m
[ 76%] [34m[1mGenerating Javascript code from move_pkg/NaviCoord.srv[0m
[ 76%] [34m[1mGenerating EusLisp code from move_pkg/NaviCoord.srv[0m
[ 82%] [34m[1mGenerating Javascript code from move_pkg/SetLocation.srv[0m
[ 88%] [34m[1mGenerating EusLisp code from move_pkg/SetLocation.srv[0m
[ 94%] [34m[1mGenerating EusLisp manifest code for move_pkg[0m
[ 94%] Built target move_pkg_generate_messages_lisp
[ 94%] Built target move_pkg_generate_messages_nodejs
[100%] [34m[1mGenerating Python srv __init__.py for move_pkg[0m
[100%] Built target move_pkg_generate_messages_cpp
[100%] Built target move_pkg_generate_messages_py
[100%] Built target move_pkg_generate_messages_eus
[35m[1mScanning dependencies of target move_pkg_generate_messages[0m
[100%] Built target move_pkg_generate_messages
