Linked: (/home/demulab-asus4070-2024/dspl2024_ws/devel/.private/move_pkg/lib/python3/dist-packages/move_pkg/__init__.py, /home/demulab-asus4070-2024/dspl2024_ws/devel/lib/python3/dist-packages/move_pkg/__init__.py)
Linked: (/home/demulab-asus4070-2024/dspl2024_ws/devel/.private/move_pkg/lib/python3/dist-packages/move_pkg/srv/_SetLocation.py, /home/demulab-asus4070-2024/dspl2024_ws/devel/lib/python3/dist-packages/move_pkg/srv/_SetLocation.py)
Linked: (/home/demulab-asus4070-2024/dspl2024_ws/devel/.private/move_pkg/lib/python3/dist-packages/move_pkg/srv/_NaviCoord.py, /home/demulab-asus4070-2024/dspl2024_ws/devel/lib/python3/dist-packages/move_pkg/srv/_NaviCoord.py)
Linked: (/home/demulab-asus4070-2024/dspl2024_ws/devel/.private/move_pkg/lib/python3/dist-packages/move_pkg/srv/__init__.py, /home/demulab-asus4070-2024/dspl2024_ws/devel/lib/python3/dist-packages/move_pkg/srv/__init__.py)
Linked: (/home/demulab-asus4070-2024/dspl2024_ws/devel/.private/move_pkg/lib/python3/dist-packages/move_pkg/srv/_NaviLocation.py, /home/demulab-asus4070-2024/dspl2024_ws/devel/lib/python3/dist-packages/move_pkg/srv/_NaviLocation.py)
Linked: (/home/demulab-asus4070-2024/dspl2024_ws/devel/.private/move_pkg/lib/pkgconfig/move_pkg.pc, /home/demulab-asus4070-2024/dspl2024_ws/devel/lib/pkgconfig/move_pkg.pc)
Linked: (/home/demulab-asus4070-2024/dspl2024_ws/devel/.private/move_pkg/include/move_pkg/SetLocationRequest.h, /home/demulab-asus4070-2024/dspl2024_ws/devel/include/move_pkg/SetLocationRequest.h)
Linked: (/home/demulab-asus4070-2024/dspl2024_ws/devel/.private/move_pkg/include/move_pkg/NaviLocationResponse.h, /home/demulab-asus4070-2024/dspl2024_ws/devel/include/move_pkg/NaviLocationResponse.h)
Linked: (/home/demulab-asus4070-2024/dspl2024_ws/devel/.private/move_pkg/include/move_pkg/SetLocationResponse.h, /home/demulab-asus4070-2024/dspl2024_ws/devel/include/move_pkg/SetLocationResponse.h)
Linked: (/home/demulab-asus4070-2024/dspl2024_ws/devel/.private/move_pkg/include/move_pkg/NaviCoordResponse.h, /home/demulab-asus4070-2024/dspl2024_ws/devel/include/move_pkg/NaviCoordResponse.h)
Linked: (/home/demulab-asus4070-2024/dspl2024_ws/devel/.private/move_pkg/include/move_pkg/NaviCoord.h, /home/demulab-asus4070-2024/dspl2024_ws/devel/include/move_pkg/NaviCoord.h)
Linked: (/home/demulab-asus4070-2024/dspl2024_ws/devel/.private/move_pkg/include/move_pkg/NaviCoordRequest.h, /home/demulab-asus4070-2024/dspl2024_ws/devel/include/move_pkg/NaviCoordRequest.h)
Linked: (/home/demulab-asus4070-2024/dspl2024_ws/devel/.private/move_pkg/include/move_pkg/NaviLocationRequest.h, /home/demulab-asus4070-2024/dspl2024_ws/devel/include/move_pkg/NaviLocationRequest.h)
Linked: (/home/demulab-asus4070-2024/dspl2024_ws/devel/.private/move_pkg/include/move_pkg/NaviLocation.h, /home/demulab-asus4070-2024/dspl2024_ws/devel/include/move_pkg/NaviLocation.h)
Linked: (/home/demulab-asus4070-2024/dspl2024_ws/devel/.private/move_pkg/include/move_pkg/SetLocation.h, /home/demulab-asus4070-2024/dspl2024_ws/devel/include/move_pkg/SetLocation.h)
Linked: (/home/demulab-asus4070-2024/dspl2024_ws/devel/.private/move_pkg/share/roseus/ros/move_pkg/manifest.l, /home/demulab-asus4070-2024/dspl2024_ws/devel/share/roseus/ros/move_pkg/manifest.l)
Linked: (/home/demulab-asus4070-2024/dspl2024_ws/devel/.private/move_pkg/share/roseus/ros/move_pkg/srv/NaviCoord.l, /home/demulab-asus4070-2024/dspl2024_ws/devel/share/roseus/ros/move_pkg/srv/NaviCoord.l)
Linked: (/home/demulab-asus4070-2024/dspl2024_ws/devel/.private/move_pkg/share/roseus/ros/move_pkg/srv/SetLocation.l, /home/demulab-asus4070-2024/dspl2024_ws/devel/share/roseus/ros/move_pkg/srv/SetLocation.l)
Linked: (/home/demulab-asus4070-2024/dspl2024_ws/devel/.private/move_pkg/share/roseus/ros/move_pkg/srv/NaviLocation.l, /home/demulab-asus4070-2024/dspl2024_ws/devel/share/roseus/ros/move_pkg/srv/NaviLocation.l)
Linked: (/home/demulab-asus4070-2024/dspl2024_ws/devel/.private/move_pkg/share/common-lisp/ros/move_pkg/srv/SetLocation.lisp, /home/demulab-asus4070-2024/dspl2024_ws/devel/share/common-lisp/ros/move_pkg/srv/SetLocation.lisp)
Linked: (/home/demulab-asus4070-2024/dspl2024_ws/devel/.private/move_pkg/share/common-lisp/ros/move_pkg/srv/move_pkg-srv.asd, /home/demulab-asus4070-2024/dspl2024_ws/devel/share/common-lisp/ros/move_pkg/srv/move_pkg-srv.asd)
Linked: (/home/demulab-asus4070-2024/dspl2024_ws/devel/.private/move_pkg/share/common-lisp/ros/move_pkg/srv/_package.lisp, /home/demulab-asus4070-2024/dspl2024_ws/devel/share/common-lisp/ros/move_pkg/srv/_package.lisp)
Linked: (/home/demulab-asus4070-2024/dspl2024_ws/devel/.private/move_pkg/share/common-lisp/ros/move_pkg/srv/_package_NaviLocation.lisp, /home/demulab-asus4070-2024/dspl2024_ws/devel/share/common-lisp/ros/move_pkg/srv/_package_NaviLocation.lisp)
Linked: (/home/demulab-asus4070-2024/dspl2024_ws/devel/.private/move_pkg/share/common-lisp/ros/move_pkg/srv/_package_SetLocation.lisp, /home/demulab-asus4070-2024/dspl2024_ws/devel/share/common-lisp/ros/move_pkg/srv/_package_SetLocation.lisp)
Linked: (/home/demulab-asus4070-2024/dspl2024_ws/devel/.private/move_pkg/share/common-lisp/ros/move_pkg/srv/NaviLocation.lisp, /home/demulab-asus4070-2024/dspl2024_ws/devel/share/common-lisp/ros/move_pkg/srv/NaviLocation.lisp)
Linked: (/home/demulab-asus4070-2024/dspl2024_ws/devel/.private/move_pkg/share/common-lisp/ros/move_pkg/srv/NaviCoord.lisp, /home/demulab-asus4070-2024/dspl2024_ws/devel/share/common-lisp/ros/move_pkg/srv/NaviCoord.lisp)
Linked: (/home/demulab-asus4070-2024/dspl2024_ws/devel/.private/move_pkg/share/common-lisp/ros/move_pkg/srv/_package_NaviCoord.lisp, /home/demulab-asus4070-2024/dspl2024_ws/devel/share/common-lisp/ros/move_pkg/srv/_package_NaviCoord.lisp)
Linked: (/home/demulab-asus4070-2024/dspl2024_ws/devel/.private/move_pkg/share/move_pkg/cmake/move_pkgConfig-version.cmake, /home/demulab-asus4070-2024/dspl2024_ws/devel/share/move_pkg/cmake/move_pkgConfig-version.cmake)
Linked: (/home/demulab-asus4070-2024/dspl2024_ws/devel/.private/move_pkg/share/move_pkg/cmake/move_pkg-msg-paths.cmake, /home/demulab-asus4070-2024/dspl2024_ws/devel/share/move_pkg/cmake/move_pkg-msg-paths.cmake)
Linked: (/home/demulab-asus4070-2024/dspl2024_ws/devel/.private/move_pkg/share/move_pkg/cmake/move_pkg-msg-extras.cmake, /home/demulab-asus4070-2024/dspl2024_ws/devel/share/move_pkg/cmake/move_pkg-msg-extras.cmake)
Linked: (/home/demulab-asus4070-2024/dspl2024_ws/devel/.private/move_pkg/share/move_pkg/cmake/move_pkgConfig.cmake, /home/demulab-asus4070-2024/dspl2024_ws/devel/share/move_pkg/cmake/move_pkgConfig.cmake)
Linked: (/home/demulab-asus4070-2024/dspl2024_ws/devel/.private/move_pkg/share/gennodejs/ros/move_pkg/_index.js, /home/demulab-asus4070-2024/dspl2024_ws/devel/share/gennodejs/ros/move_pkg/_index.js)
Linked: (/home/demulab-asus4070-2024/dspl2024_ws/devel/.private/move_pkg/share/gennodejs/ros/move_pkg/srv/NaviCoord.js, /home/demulab-asus4070-2024/dspl2024_ws/devel/share/gennodejs/ros/move_pkg/srv/NaviCoord.js)
Linked: (/home/demulab-asus4070-2024/dspl2024_ws/devel/.private/move_pkg/share/gennodejs/ros/move_pkg/srv/SetLocation.js, /home/demulab-asus4070-2024/dspl2024_ws/devel/share/gennodejs/ros/move_pkg/srv/SetLocation.js)
Linked: (/home/demulab-asus4070-2024/dspl2024_ws/devel/.private/move_pkg/share/gennodejs/ros/move_pkg/srv/_index.js, /home/demulab-asus4070-2024/dspl2024_ws/devel/share/gennodejs/ros/move_pkg/srv/_index.js)
Linked: (/home/demulab-asus4070-2024/dspl2024_ws/devel/.private/move_pkg/share/gennodejs/ros/move_pkg/srv/NaviLocation.js, /home/demulab-asus4070-2024/dspl2024_ws/devel/share/gennodejs/ros/move_pkg/srv/NaviLocation.js)
