Symlinking /home/demulab-asus4070-2024/dspl2024_ws/devel/lib/python3/dist-packages/move_pkg/__init__.py
Symlinking /home/demulab-asus4070-2024/dspl2024_ws/devel/lib/python3/dist-packages/move_pkg/srv/_SetLocation.py
Symlinking /home/demulab-asus4070-2024/dspl2024_ws/devel/lib/python3/dist-packages/move_pkg/srv/_NaviCoord.py
Symlinking /home/demulab-asus4070-2024/dspl2024_ws/devel/lib/python3/dist-packages/move_pkg/srv/__init__.py
Symlinking /home/demulab-asus4070-2024/dspl2024_ws/devel/lib/python3/dist-packages/move_pkg/srv/_NaviLocation.py
Symlinking /home/demulab-asus4070-2024/dspl2024_ws/devel/lib/pkgconfig/move_pkg.pc
Symlinking /home/demulab-asus4070-2024/dspl2024_ws/devel/include/move_pkg/SetLocationRequest.h
Symlinking /home/demulab-asus4070-2024/dspl2024_ws/devel/include/move_pkg/NaviLocationResponse.h
Symlinking /home/demulab-asus4070-2024/dspl2024_ws/devel/include/move_pkg/SetLocationResponse.h
Symlinking /home/demulab-asus4070-2024/dspl2024_ws/devel/include/move_pkg/NaviCoordResponse.h
Symlinking /home/demulab-asus4070-2024/dspl2024_ws/devel/include/move_pkg/NaviCoord.h
Symlinking /home/demulab-asus4070-2024/dspl2024_ws/devel/include/move_pkg/NaviCoordRequest.h
Symlinking /home/demulab-asus4070-2024/dspl2024_ws/devel/include/move_pkg/NaviLocationRequest.h
Symlinking /home/demulab-asus4070-2024/dspl2024_ws/devel/include/move_pkg/NaviLocation.h
Symlinking /home/demulab-asus4070-2024/dspl2024_ws/devel/include/move_pkg/SetLocation.h
Symlinking /home/demulab-asus4070-2024/dspl2024_ws/devel/share/roseus/ros/move_pkg/manifest.l
Symlinking /home/demulab-asus4070-2024/dspl2024_ws/devel/share/roseus/ros/move_pkg/srv/NaviCoord.l
Symlinking /home/demulab-asus4070-2024/dspl2024_ws/devel/share/roseus/ros/move_pkg/srv/SetLocation.l
Symlinking /home/demulab-asus4070-2024/dspl2024_ws/devel/share/roseus/ros/move_pkg/srv/NaviLocation.l
Symlinking /home/demulab-asus4070-2024/dspl2024_ws/devel/share/common-lisp/ros/move_pkg/srv/SetLocation.lisp
Symlinking /home/demulab-asus4070-2024/dspl2024_ws/devel/share/common-lisp/ros/move_pkg/srv/move_pkg-srv.asd
Symlinking /home/demulab-asus4070-2024/dspl2024_ws/devel/share/common-lisp/ros/move_pkg/srv/_package.lisp
Symlinking /home/demulab-asus4070-2024/dspl2024_ws/devel/share/common-lisp/ros/move_pkg/srv/_package_NaviLocation.lisp
Symlinking /home/demulab-asus4070-2024/dspl2024_ws/devel/share/common-lisp/ros/move_pkg/srv/_package_SetLocation.lisp
Symlinking /home/demulab-asus4070-2024/dspl2024_ws/devel/share/common-lisp/ros/move_pkg/srv/NaviLocation.lisp
Symlinking /home/demulab-asus4070-2024/dspl2024_ws/devel/share/common-lisp/ros/move_pkg/srv/NaviCoord.lisp
Symlinking /home/demulab-asus4070-2024/dspl2024_ws/devel/share/common-lisp/ros/move_pkg/srv/_package_NaviCoord.lisp
Symlinking /home/demulab-asus4070-2024/dspl2024_ws/devel/share/move_pkg/cmake/move_pkgConfig-version.cmake
Symlinking /home/demulab-asus4070-2024/dspl2024_ws/devel/share/move_pkg/cmake/move_pkg-msg-paths.cmake
Symlinking /home/demulab-asus4070-2024/dspl2024_ws/devel/share/move_pkg/cmake/move_pkg-msg-extras.cmake
Symlinking /home/demulab-asus4070-2024/dspl2024_ws/devel/share/move_pkg/cmake/move_pkgConfig.cmake
Symlinking /home/demulab-asus4070-2024/dspl2024_ws/devel/share/gennodejs/ros/move_pkg/_index.js
Symlinking /home/demulab-asus4070-2024/dspl2024_ws/devel/share/gennodejs/ros/move_pkg/srv/NaviCoord.js
Symlinking /home/demulab-asus4070-2024/dspl2024_ws/devel/share/gennodejs/ros/move_pkg/srv/SetLocation.js
Symlinking /home/demulab-asus4070-2024/dspl2024_ws/devel/share/gennodejs/ros/move_pkg/srv/_index.js
Symlinking /home/demulab-asus4070-2024/dspl2024_ws/devel/share/gennodejs/ros/move_pkg/srv/NaviLocation.js
