Performing C SOURCE FILE Test CMAKE_HAVE_LIBC_PTHREAD failed with the following output:
Change Dir: /home/demulab-asus4070-2024/dspl2024_ws/build/hsrb_darknet_tutorials/CMakeFiles/CMakeTmp

Run Build Command(s):/usr/bin/make cmTC_4eb81/fast && /usr/bin/make -f CMakeFiles/cmTC_4eb81.dir/build.make CMakeFiles/cmTC_4eb81.dir/build
make[1]: ディレクトリ '/home/demulab-asus4070-2024/dspl2024_ws/build/hsrb_darknet_tutorials/CMakeFiles/CMakeTmp' に入ります
Building C object CMakeFiles/cmTC_4eb81.dir/src.c.o
/usr/bin/cc   -DCMAKE_HAVE_LIBC_PTHREAD   -o CMakeFiles/cmTC_4eb81.dir/src.c.o   -c /home/demulab-asus4070-2024/dspl2024_ws/build/hsrb_darknet_tutorials/CMakeFiles/CMakeTmp/src.c
Linking C executable cmTC_4eb81
/usr/bin/cmake -E cmake_link_script CMakeFiles/cmTC_4eb81.dir/link.txt --verbose=1
/usr/bin/cc  -DCMAKE_HAVE_LIBC_PTHREAD    -rdynamic CMakeFiles/cmTC_4eb81.dir/src.c.o  -o cmTC_4eb81 
/usr/bin/ld: CMakeFiles/cmTC_4eb81.dir/src.c.o: in function `main':
src.c:(.text+0x46): undefined reference to `pthread_create'
/usr/bin/ld: src.c:(.text+0x52): undefined reference to `pthread_detach'
/usr/bin/ld: src.c:(.text+0x63): undefined reference to `pthread_join'
collect2: error: ld returned 1 exit status
make[1]: *** [CMakeFiles/cmTC_4eb81.dir/build.make:87: cmTC_4eb81] エラー 1
make[1]: ディレクトリ '/home/demulab-asus4070-2024/dspl2024_ws/build/hsrb_darknet_tutorials/CMakeFiles/CMakeTmp' から出ます
make: *** [Makefile:121: cmTC_4eb81/fast] エラー 2


Source file was:
#include <pthread.h>

void* test_func(void* data)
{
  return data;
}

int main(void)
{
  pthread_t thread;
  pthread_create(&thread, NULL, test_func, NULL);
  pthread_detach(thread);
  pthread_join(thread, NULL);
  pthread_atfork(NULL, NULL, NULL);
  pthread_exit(NULL);

  return 0;
}

Determining if the function pthread_create exists in the pthreads failed with the following output:
Change Dir: /home/demulab-asus4070-2024/dspl2024_ws/build/hsrb_darknet_tutorials/CMakeFiles/CMakeTmp

Run Build Command(s):/usr/bin/make cmTC_00f8b/fast && /usr/bin/make -f CMakeFiles/cmTC_00f8b.dir/build.make CMakeFiles/cmTC_00f8b.dir/build
make[1]: ディレクトリ '/home/demulab-asus4070-2024/dspl2024_ws/build/hsrb_darknet_tutorials/CMakeFiles/CMakeTmp' に入ります
Building C object CMakeFiles/cmTC_00f8b.dir/CheckFunctionExists.c.o
/usr/bin/cc   -DCHECK_FUNCTION_EXISTS=pthread_create   -o CMakeFiles/cmTC_00f8b.dir/CheckFunctionExists.c.o   -c /usr/share/cmake-3.16/Modules/CheckFunctionExists.c
Linking C executable cmTC_00f8b
/usr/bin/cmake -E cmake_link_script CMakeFiles/cmTC_00f8b.dir/link.txt --verbose=1
/usr/bin/cc  -DCHECK_FUNCTION_EXISTS=pthread_create    -rdynamic CMakeFiles/cmTC_00f8b.dir/CheckFunctionExists.c.o  -o cmTC_00f8b  -lpthreads 
/usr/bin/ld: -lpthreads が見つかりません
collect2: error: ld returned 1 exit status
make[1]: *** [CMakeFiles/cmTC_00f8b.dir/build.make:87: cmTC_00f8b] エラー 1
make[1]: ディレクトリ '/home/demulab-asus4070-2024/dspl2024_ws/build/hsrb_darknet_tutorials/CMakeFiles/CMakeTmp' から出ます
make: *** [Makefile:121: cmTC_00f8b/fast] エラー 2



