[35m[1mScanning dependencies of target tmc_darknet[0m
[  2%] [32mBuilding C object CMakeFiles/tmc_darknet.dir/src/activation_layer.c.o[0m
[  5%] [32mBuilding C object CMakeFiles/tmc_darknet.dir/src/activations.c.o[0m
[  7%] [32mBuilding C object CMakeFiles/tmc_darknet.dir/src/avgpool_layer.c.o[0m
[ 10%] [32mBuilding C object CMakeFiles/tmc_darknet.dir/src/batchnorm_layer.c.o[0m
[01m[K/home/demulab-asus4070-2024/dspl2024_ws/src/darknet/tmc_darknet/src/batchnorm_layer.c:[m[K In function ‘[01m[Kresize_batchnorm_layer[m[K’:
[01m[K/home/demulab-asus4070-2024/dspl2024_ws/src/darknet/tmc_darknet/src/batchnorm_layer.c:117:36:[m[K [01;35m[Kwarning: [m[Kunused parameter ‘[01m[Klayer[m[K’ [[01;35m[K-Wunused-parameter[m[K]
  117 | void resize_batchnorm_layer([01;35m[Klayer *layer[m[K, int w, int h)
      |                             [01;35m[K~~~~~~~^~~~~[m[K
[01m[K/home/demulab-asus4070-2024/dspl2024_ws/src/darknet/tmc_darknet/src/batchnorm_layer.c:117:47:[m[K [01;35m[Kwarning: [m[Kunused parameter ‘[01m[Kw[m[K’ [[01;35m[K-Wunused-parameter[m[K]
  117 | void resize_batchnorm_layer(layer *layer, [01;35m[Kint w[m[K, int h)
      |                                           [01;35m[K~~~~^[m[K
[01m[K/home/demulab-asus4070-2024/dspl2024_ws/src/darknet/tmc_darknet/src/batchnorm_layer.c:117:54:[m[K [01;35m[Kwarning: [m[Kunused parameter ‘[01m[Kh[m[K’ [[01;35m[K-Wunused-parameter[m[K]
  117 | void resize_batchnorm_layer(layer *layer, int w, [01;35m[Kint h[m[K)
      |                                                  [01;35m[K~~~~^[m[K
[ 13%] [32mBuilding C object CMakeFiles/tmc_darknet.dir/src/blas.c.o[0m
[ 15%] [32mBuilding C object CMakeFiles/tmc_darknet.dir/src/col2im.c.o[0m
[ 18%] [32mBuilding C object CMakeFiles/tmc_darknet.dir/src/connected_layer.c.o[0m
[ 21%] [32mBuilding C object CMakeFiles/tmc_darknet.dir/src/box.c.o[0m
[01m[K/home/demulab-asus4070-2024/dspl2024_ws/src/darknet/tmc_darknet/src/col2im.c:[m[K In function ‘[01m[Kcol2im_add_pixel[m[K’:
[01m[K/home/demulab-asus4070-2024/dspl2024_ws/src/darknet/tmc_darknet/src/col2im.c:3:61:[m[K [01;35m[Kwarning: [m[Kunused parameter ‘[01m[Kchannels[m[K’ [[01;35m[K-Wunused-parameter[m[K]
    3 | void col2im_add_pixel(float *im, int height, int width, [01;35m[Kint channels[m[K,
      |                                                         [01;35m[K~~~~^~~~~~~~[m[K
[ 23%] [32mBuilding C object CMakeFiles/tmc_darknet.dir/src/convolutional_layer.c.o[0m
[ 26%] [32mBuilding C object CMakeFiles/tmc_darknet.dir/src/cost_layer.c.o[0m
[01m[K/home/demulab-asus4070-2024/dspl2024_ws/src/darknet/tmc_darknet/src/convolutional_layer.c:[m[K In function ‘[01m[Kvisualize_convolutional_layer[m[K’:
[01m[K/home/demulab-asus4070-2024/dspl2024_ws/src/darknet/tmc_darknet/src/convolutional_layer.c:566:82:[m[K [01;35m[Kwarning: [m[Kunused parameter ‘[01m[Kprev_weights[m[K’ [[01;35m[K-Wunused-parameter[m[K]
  566 | image *visualize_convolutional_layer(convolutional_layer l, char *window, [01;35m[Kimage *prev_weights[m[K)
      |                                                                           [01;35m[K~~~~~~~^~~~~~~~~~~~[m[K
[ 28%] [32mBuilding C object CMakeFiles/tmc_darknet.dir/src/crnn_layer.c.o[0m
[ 31%] [32mBuilding C object CMakeFiles/tmc_darknet.dir/src/crop_layer.c.o[0m
[ 34%] [32mBuilding C object CMakeFiles/tmc_darknet.dir/src/cuda.c.o[0m
[ 36%] [32mBuilding C object CMakeFiles/tmc_darknet.dir/src/data.c.o[0m
[01m[K/home/demulab-asus4070-2024/dspl2024_ws/src/darknet/tmc_darknet/src/crop_layer.c:[m[K In function ‘[01m[Kbackward_crop_layer[m[K’:
[01m[K/home/demulab-asus4070-2024/dspl2024_ws/src/darknet/tmc_darknet/src/crop_layer.c:13:43:[m[K [01;35m[Kwarning: [m[Kunused parameter ‘[01m[Kl[m[K’ [[01;35m[K-Wunused-parameter[m[K]
   13 | void backward_crop_layer([01;35m[Kconst crop_layer l[m[K, network_state state){}
      |                          [01;35m[K~~~~~~~~~~~~~~~~~^[m[K
[01m[K/home/demulab-asus4070-2024/dspl2024_ws/src/darknet/tmc_darknet/src/crop_layer.c:13:60:[m[K [01;35m[Kwarning: [m[Kunused parameter ‘[01m[Kstate[m[K’ [[01;35m[K-Wunused-parameter[m[K]
   13 | void backward_crop_layer(const crop_layer l, [01;35m[Knetwork_state state[m[K){}
      |                                              [01;35m[K~~~~~~~~~~~~~~^~~~~[m[K
[01m[K/home/demulab-asus4070-2024/dspl2024_ws/src/darknet/tmc_darknet/src/crop_layer.c:[m[K In function ‘[01m[Kbackward_crop_layer_gpu[m[K’:
[01m[K/home/demulab-asus4070-2024/dspl2024_ws/src/darknet/tmc_darknet/src/crop_layer.c:14:47:[m[K [01;35m[Kwarning: [m[Kunused parameter ‘[01m[Kl[m[K’ [[01;35m[K-Wunused-parameter[m[K]
   14 | void backward_crop_layer_gpu([01;35m[Kconst crop_layer l[m[K, network_state state){}
      |                              [01;35m[K~~~~~~~~~~~~~~~~~^[m[K
[01m[K/home/demulab-asus4070-2024/dspl2024_ws/src/darknet/tmc_darknet/src/crop_layer.c:14:64:[m[K [01;35m[Kwarning: [m[Kunused parameter ‘[01m[Kstate[m[K’ [[01;35m[K-Wunused-parameter[m[K]
   14 | void backward_crop_layer_gpu(const crop_layer l, [01;35m[Knetwork_state state[m[K){}
      |                                                  [01;35m[K~~~~~~~~~~~~~~^~~~~[m[K
[ 39%] [32mBuilding C object CMakeFiles/tmc_darknet.dir/src/detection_layer.c.o[0m
[ 42%] [32mBuilding C object CMakeFiles/tmc_darknet.dir/src/dropout_layer.c.o[0m
[ 44%] [32mBuilding C object CMakeFiles/tmc_darknet.dir/src/gemm.c.o[0m
[01m[K/home/demulab-asus4070-2024/dspl2024_ws/src/darknet/tmc_darknet/src/data.c:[m[K In function ‘[01m[Kfill_truth_detection[m[K’:
[01m[K/home/demulab-asus4070-2024/dspl2024_ws/src/darknet/tmc_darknet/src/data.c:293:72:[m[K [01;35m[Kwarning: [m[Kunused parameter ‘[01m[Kclasses[m[K’ [[01;35m[K-Wunused-parameter[m[K]
  293 | void fill_truth_detection(char *path, int num_boxes, float *truth, [01;35m[Kint classes[m[K, int flip, float dx, float dy, float sx, float sy)
      |                                                                    [01;35m[K~~~~^~~~~~~[m[K
[01m[K/home/demulab-asus4070-2024/dspl2024_ws/src/darknet/tmc_darknet/src/data.c:[m[K In function ‘[01m[Kfill_truth_captcha[m[K’:
[01m[K/home/demulab-asus4070-2024/dspl2024_ws/src/darknet/tmc_darknet/src/data.c:348:18:[m[K [01;35m[Kwarning: [m[Kcomparison of integer expressions of different signedness: ‘[01m[Kint[m[K’ and ‘[01m[Ksize_t[m[K’ {aka ‘[01m[Klong unsigned int[m[K’} [[01;35m[K-Wsign-compare[m[K]
  348 |     for(i = 0; i [01;35m[K<[m[K strlen(begin) && i < n && begin[i] != '.'; ++i){
      |                  [01;35m[K^[m[K
[ 47%] [32mBuilding C object CMakeFiles/tmc_darknet.dir/src/gru_layer.c.o[0m
[01m[K/home/demulab-asus4070-2024/dspl2024_ws/src/darknet/tmc_darknet/src/dropout_layer.c:[m[K In function ‘[01m[Kresize_dropout_layer[m[K’:
[01m[K/home/demulab-asus4070-2024/dspl2024_ws/src/darknet/tmc_darknet/src/dropout_layer.c:28:49:[m[K [01;35m[Kwarning: [m[Kunused parameter ‘[01m[Kinputs[m[K’ [[01;35m[K-Wunused-parameter[m[K]
   28 | void resize_dropout_layer(dropout_layer *l, [01;35m[Kint inputs[m[K)
      |                                             [01;35m[K~~~~^~~~~~[m[K
[01m[K/home/demulab-asus4070-2024/dspl2024_ws/src/darknet/tmc_darknet/src/gemm.c:[m[K In function ‘[01m[Kgemm_bin[m[K’:
[01m[K/home/demulab-asus4070-2024/dspl2024_ws/src/darknet/tmc_darknet/src/gemm.c:8:42:[m[K [01;35m[Kwarning: [m[Kunused parameter ‘[01m[KALPHA[m[K’ [[01;35m[K-Wunused-parameter[m[K]
    8 | void gemm_bin(int M, int N, int K, [01;35m[Kfloat ALPHA[m[K,
      |                                    [01;35m[K~~~~~~^~~~~[m[K
[ 50%] [32mBuilding C object CMakeFiles/tmc_darknet.dir/src/im2col.c.o[0m
[01m[K/home/demulab-asus4070-2024/dspl2024_ws/src/darknet/tmc_darknet/src/gru_layer.c:[m[K In function ‘[01m[Kbackward_gru_layer[m[K’:
[01m[K/home/demulab-asus4070-2024/dspl2024_ws/src/darknet/tmc_darknet/src/gru_layer.c:194:31:[m[K [01;35m[Kwarning: [m[Kunused parameter ‘[01m[Kl[m[K’ [[01;35m[K-Wunused-parameter[m[K]
  194 | void backward_gru_layer([01;35m[Klayer l[m[K, network_state state)
      |                         [01;35m[K~~~~~~^[m[K
[01m[K/home/demulab-asus4070-2024/dspl2024_ws/src/darknet/tmc_darknet/src/gru_layer.c:194:48:[m[K [01;35m[Kwarning: [m[Kunused parameter ‘[01m[Kstate[m[K’ [[01;35m[K-Wunused-parameter[m[K]
  194 | void backward_gru_layer(layer l, [01;35m[Knetwork_state state[m[K)
      |                                  [01;35m[K~~~~~~~~~~~~~~^~~~~[m[K
[01m[K/home/demulab-asus4070-2024/dspl2024_ws/src/darknet/tmc_darknet/src/im2col.c:[m[K In function ‘[01m[Kim2col_get_pixel[m[K’:
[01m[K/home/demulab-asus4070-2024/dspl2024_ws/src/darknet/tmc_darknet/src/im2col.c:3:62:[m[K [01;35m[Kwarning: [m[Kunused parameter ‘[01m[Kchannels[m[K’ [[01;35m[K-Wunused-parameter[m[K]
    3 | float im2col_get_pixel(float *im, int height, int width, [01;35m[Kint channels[m[K,
      |                                                          [01;35m[K~~~~^~~~~~~~[m[K
[ 52%] [32mBuilding C object CMakeFiles/tmc_darknet.dir/src/image.c.o[0m
[ 55%] [32mBuilding C object CMakeFiles/tmc_darknet.dir/src/layer.c.o[0m
[ 57%] [32mBuilding C object CMakeFiles/tmc_darknet.dir/src/local_layer.c.o[0m
[ 60%] [32mBuilding C object CMakeFiles/tmc_darknet.dir/src/list.c.o[0m
[ 63%] [32mBuilding C object CMakeFiles/tmc_darknet.dir/src/matrix.c.o[0m
[ 65%] [32mBuilding C object CMakeFiles/tmc_darknet.dir/src/maxpool_layer.c.o[0m
[ 68%] [32mBuilding C object CMakeFiles/tmc_darknet.dir/src/network.c.o[0m
[ 71%] [32mBuilding C object CMakeFiles/tmc_darknet.dir/src/normalization_layer.c.o[0m
[ 73%] [32mBuilding C object CMakeFiles/tmc_darknet.dir/src/option_list.c.o[0m
[ 76%] [32mBuilding C object CMakeFiles/tmc_darknet.dir/src/parser.c.o[0m
[ 78%] [32mBuilding C object CMakeFiles/tmc_darknet.dir/src/region_layer.c.o[0m
[ 81%] [32mBuilding C object CMakeFiles/tmc_darknet.dir/src/reorg_layer.c.o[0m
[ 84%] [32mBuilding C object CMakeFiles/tmc_darknet.dir/src/rnn_layer.c.o[0m
[ 86%] [32mBuilding C object CMakeFiles/tmc_darknet.dir/src/route_layer.c.o[0m
[01m[K/home/demulab-asus4070-2024/dspl2024_ws/src/darknet/tmc_darknet/src/parser.c:[m[K In function ‘[01m[Kparse_avgpool[m[K’:
[01m[K/home/demulab-asus4070-2024/dspl2024_ws/src/darknet/tmc_darknet/src/parser.c:375:35:[m[K [01;35m[Kwarning: [m[Kunused parameter ‘[01m[Koptions[m[K’ [[01;35m[K-Wunused-parameter[m[K]
  375 | avgpool_layer parse_avgpool([01;35m[Klist *options[m[K, size_params params)
      |                             [01;35m[K~~~~~~^~~~~~~[m[K
[01m[K/home/demulab-asus4070-2024/dspl2024_ws/src/darknet/tmc_darknet/src/parser.c:[m[K In function ‘[01m[Kparse_batchnorm[m[K’:
[01m[K/home/demulab-asus4070-2024/dspl2024_ws/src/darknet/tmc_darknet/src/parser.c:408:29:[m[K [01;35m[Kwarning: [m[Kunused parameter ‘[01m[Koptions[m[K’ [[01;35m[K-Wunused-parameter[m[K]
  408 | layer parse_batchnorm([01;35m[Klist *options[m[K, size_params params)
      |                       [01;35m[K~~~~~~^~~~~~~[m[K
[ 89%] [32mBuilding C object CMakeFiles/tmc_darknet.dir/src/shortcut_layer.c.o[0m
[ 92%] [32mBuilding C object CMakeFiles/tmc_darknet.dir/src/softmax_layer.c.o[0m
[ 94%] [32mBuilding C object CMakeFiles/tmc_darknet.dir/src/tree.c.o[0m
[ 97%] [32mBuilding C object CMakeFiles/tmc_darknet.dir/src/utils.c.o[0m
[100%] [32m[1mLinking C shared library /home/demulab-asus4070-2024/dspl2024_ws/devel/.private/tmc_darknet/lib/libtmc_darknet.so[0m
[100%] Built target tmc_darknet
