[01m[K/home/demulab-asus4070-2024/dspl2024_ws/src/darknet/tmc_darknet/src/batchnorm_layer.c:[m[K In function ‘[01m[Kresize_batchnorm_layer[m[K’:
[01m[K/home/demulab-asus4070-2024/dspl2024_ws/src/darknet/tmc_darknet/src/batchnorm_layer.c:117:36:[m[K [01;35m[Kwarning: [m[Kunused parameter ‘[01m[Klayer[m[K’ [[01;35m[K-Wunused-parameter[m[K]
  117 | void resize_batchnorm_layer([01;35m[Klayer *layer[m[K, int w, int h)
      |                             [01;35m[K~~~~~~~^~~~~[m[K
[01m[K/home/demulab-asus4070-2024/dspl2024_ws/src/darknet/tmc_darknet/src/batchnorm_layer.c:117:47:[m[K [01;35m[Kwarning: [m[Kunused parameter ‘[01m[Kw[m[K’ [[01;35m[K-Wunused-parameter[m[K]
  117 | void resize_batchnorm_layer(layer *layer, [01;35m[Kint w[m[K, int h)
      |                                           [01;35m[K~~~~^[m[K
[01m[K/home/demulab-asus4070-2024/dspl2024_ws/src/darknet/tmc_darknet/src/batchnorm_layer.c:117:54:[m[K [01;35m[Kwarning: [m[Kunused parameter ‘[01m[Kh[m[K’ [[01;35m[K-Wunused-parameter[m[K]
  117 | void resize_batchnorm_layer(layer *layer, int w, [01;35m[Kint h[m[K)
      |                                                  [01;35m[K~~~~^[m[K
[01m[K/home/demulab-asus4070-2024/dspl2024_ws/src/darknet/tmc_darknet/src/col2im.c:[m[K In function ‘[01m[Kcol2im_add_pixel[m[K’:
[01m[K/home/demulab-asus4070-2024/dspl2024_ws/src/darknet/tmc_darknet/src/col2im.c:3:61:[m[K [01;35m[Kwarning: [m[Kunused parameter ‘[01m[Kchannels[m[K’ [[01;35m[K-Wunused-parameter[m[K]
    3 | void col2im_add_pixel(float *im, int height, int width, [01;35m[Kint channels[m[K,
      |                                                         [01;35m[K~~~~^~~~~~~~[m[K
[01m[K/home/demulab-asus4070-2024/dspl2024_ws/src/darknet/tmc_darknet/src/convolutional_layer.c:[m[K In function ‘[01m[Kvisualize_convolutional_layer[m[K’:
[01m[K/home/demulab-asus4070-2024/dspl2024_ws/src/darknet/tmc_darknet/src/convolutional_layer.c:566:82:[m[K [01;35m[Kwarning: [m[Kunused parameter ‘[01m[Kprev_weights[m[K’ [[01;35m[K-Wunused-parameter[m[K]
  566 | image *visualize_convolutional_layer(convolutional_layer l, char *window, [01;35m[Kimage *prev_weights[m[K)
      |                                                                           [01;35m[K~~~~~~~^~~~~~~~~~~~[m[K
[01m[K/home/demulab-asus4070-2024/dspl2024_ws/src/darknet/tmc_darknet/src/crop_layer.c:[m[K In function ‘[01m[Kbackward_crop_layer[m[K’:
[01m[K/home/demulab-asus4070-2024/dspl2024_ws/src/darknet/tmc_darknet/src/crop_layer.c:13:43:[m[K [01;35m[Kwarning: [m[Kunused parameter ‘[01m[Kl[m[K’ [[01;35m[K-Wunused-parameter[m[K]
   13 | void backward_crop_layer([01;35m[Kconst crop_layer l[m[K, network_state state){}
      |                          [01;35m[K~~~~~~~~~~~~~~~~~^[m[K
[01m[K/home/demulab-asus4070-2024/dspl2024_ws/src/darknet/tmc_darknet/src/crop_layer.c:13:60:[m[K [01;35m[Kwarning: [m[Kunused parameter ‘[01m[Kstate[m[K’ [[01;35m[K-Wunused-parameter[m[K]
   13 | void backward_crop_layer(const crop_layer l, [01;35m[Knetwork_state state[m[K){}
      |                                              [01;35m[K~~~~~~~~~~~~~~^~~~~[m[K
[01m[K/home/demulab-asus4070-2024/dspl2024_ws/src/darknet/tmc_darknet/src/crop_layer.c:[m[K In function ‘[01m[Kbackward_crop_layer_gpu[m[K’:
[01m[K/home/demulab-asus4070-2024/dspl2024_ws/src/darknet/tmc_darknet/src/crop_layer.c:14:47:[m[K [01;35m[Kwarning: [m[Kunused parameter ‘[01m[Kl[m[K’ [[01;35m[K-Wunused-parameter[m[K]
   14 | void backward_crop_layer_gpu([01;35m[Kconst crop_layer l[m[K, network_state state){}
      |                              [01;35m[K~~~~~~~~~~~~~~~~~^[m[K
[01m[K/home/demulab-asus4070-2024/dspl2024_ws/src/darknet/tmc_darknet/src/crop_layer.c:14:64:[m[K [01;35m[Kwarning: [m[Kunused parameter ‘[01m[Kstate[m[K’ [[01;35m[K-Wunused-parameter[m[K]
   14 | void backward_crop_layer_gpu(const crop_layer l, [01;35m[Knetwork_state state[m[K){}
      |                                                  [01;35m[K~~~~~~~~~~~~~~^~~~~[m[K
[01m[K/home/demulab-asus4070-2024/dspl2024_ws/src/darknet/tmc_darknet/src/data.c:[m[K In function ‘[01m[Kfill_truth_detection[m[K’:
[01m[K/home/demulab-asus4070-2024/dspl2024_ws/src/darknet/tmc_darknet/src/data.c:293:72:[m[K [01;35m[Kwarning: [m[Kunused parameter ‘[01m[Kclasses[m[K’ [[01;35m[K-Wunused-parameter[m[K]
  293 | void fill_truth_detection(char *path, int num_boxes, float *truth, [01;35m[Kint classes[m[K, int flip, float dx, float dy, float sx, float sy)
      |                                                                    [01;35m[K~~~~^~~~~~~[m[K
[01m[K/home/demulab-asus4070-2024/dspl2024_ws/src/darknet/tmc_darknet/src/data.c:[m[K In function ‘[01m[Kfill_truth_captcha[m[K’:
[01m[K/home/demulab-asus4070-2024/dspl2024_ws/src/darknet/tmc_darknet/src/data.c:348:18:[m[K [01;35m[Kwarning: [m[Kcomparison of integer expressions of different signedness: ‘[01m[Kint[m[K’ and ‘[01m[Ksize_t[m[K’ {aka ‘[01m[Klong unsigned int[m[K’} [[01;35m[K-Wsign-compare[m[K]
  348 |     for(i = 0; i [01;35m[K<[m[K strlen(begin) && i < n && begin[i] != '.'; ++i){
      |                  [01;35m[K^[m[K
[01m[K/home/demulab-asus4070-2024/dspl2024_ws/src/darknet/tmc_darknet/src/dropout_layer.c:[m[K In function ‘[01m[Kresize_dropout_layer[m[K’:
[01m[K/home/demulab-asus4070-2024/dspl2024_ws/src/darknet/tmc_darknet/src/dropout_layer.c:28:49:[m[K [01;35m[Kwarning: [m[Kunused parameter ‘[01m[Kinputs[m[K’ [[01;35m[K-Wunused-parameter[m[K]
   28 | void resize_dropout_layer(dropout_layer *l, [01;35m[Kint inputs[m[K)
      |                                             [01;35m[K~~~~^~~~~~[m[K
[01m[K/home/demulab-asus4070-2024/dspl2024_ws/src/darknet/tmc_darknet/src/gemm.c:[m[K In function ‘[01m[Kgemm_bin[m[K’:
[01m[K/home/demulab-asus4070-2024/dspl2024_ws/src/darknet/tmc_darknet/src/gemm.c:8:42:[m[K [01;35m[Kwarning: [m[Kunused parameter ‘[01m[KALPHA[m[K’ [[01;35m[K-Wunused-parameter[m[K]
    8 | void gemm_bin(int M, int N, int K, [01;35m[Kfloat ALPHA[m[K,
      |                                    [01;35m[K~~~~~~^~~~~[m[K
[01m[K/home/demulab-asus4070-2024/dspl2024_ws/src/darknet/tmc_darknet/src/gru_layer.c:[m[K In function ‘[01m[Kbackward_gru_layer[m[K’:
[01m[K/home/demulab-asus4070-2024/dspl2024_ws/src/darknet/tmc_darknet/src/gru_layer.c:194:31:[m[K [01;35m[Kwarning: [m[Kunused parameter ‘[01m[Kl[m[K’ [[01;35m[K-Wunused-parameter[m[K]
  194 | void backward_gru_layer([01;35m[Klayer l[m[K, network_state state)
      |                         [01;35m[K~~~~~~^[m[K
[01m[K/home/demulab-asus4070-2024/dspl2024_ws/src/darknet/tmc_darknet/src/gru_layer.c:194:48:[m[K [01;35m[Kwarning: [m[Kunused parameter ‘[01m[Kstate[m[K’ [[01;35m[K-Wunused-parameter[m[K]
  194 | void backward_gru_layer(layer l, [01;35m[Knetwork_state state[m[K)
      |                                  [01;35m[K~~~~~~~~~~~~~~^~~~~[m[K
[01m[K/home/demulab-asus4070-2024/dspl2024_ws/src/darknet/tmc_darknet/src/im2col.c:[m[K In function ‘[01m[Kim2col_get_pixel[m[K’:
[01m[K/home/demulab-asus4070-2024/dspl2024_ws/src/darknet/tmc_darknet/src/im2col.c:3:62:[m[K [01;35m[Kwarning: [m[Kunused parameter ‘[01m[Kchannels[m[K’ [[01;35m[K-Wunused-parameter[m[K]
    3 | float im2col_get_pixel(float *im, int height, int width, [01;35m[Kint channels[m[K,
      |                                                          [01;35m[K~~~~^~~~~~~~[m[K
[01m[K/home/demulab-asus4070-2024/dspl2024_ws/src/darknet/tmc_darknet/src/parser.c:[m[K In function ‘[01m[Kparse_avgpool[m[K’:
[01m[K/home/demulab-asus4070-2024/dspl2024_ws/src/darknet/tmc_darknet/src/parser.c:375:35:[m[K [01;35m[Kwarning: [m[Kunused parameter ‘[01m[Koptions[m[K’ [[01;35m[K-Wunused-parameter[m[K]
  375 | avgpool_layer parse_avgpool([01;35m[Klist *options[m[K, size_params params)
      |                             [01;35m[K~~~~~~^~~~~~~[m[K
[01m[K/home/demulab-asus4070-2024/dspl2024_ws/src/darknet/tmc_darknet/src/parser.c:[m[K In function ‘[01m[Kparse_batchnorm[m[K’:
[01m[K/home/demulab-asus4070-2024/dspl2024_ws/src/darknet/tmc_darknet/src/parser.c:408:29:[m[K [01;35m[Kwarning: [m[Kunused parameter ‘[01m[Koptions[m[K’ [[01;35m[K-Wunused-parameter[m[K]
  408 | layer parse_batchnorm([01;35m[Klist *options[m[K, size_params params)
      |                       [01;35m[K~~~~~~^~~~~~~[m[K
