Symlinking /home/demulab-asus4070-2024/dspl2024_ws/devel/lib/python3/dist-packages/tmc_vision_msgs/__init__.py
Symlinking /home/demulab-asus4070-2024/dspl2024_ws/devel/lib/python3/dist-packages/tmc_vision_msgs/msg/__init__.py
Symlinking /home/demulab-asus4070-2024/dspl2024_ws/devel/lib/python3/dist-packages/tmc_vision_msgs/msg/_Label.py
Symlinking /home/demulab-asus4070-2024/dspl2024_ws/devel/lib/python3/dist-packages/tmc_vision_msgs/msg/_DetectionArray.py
Symlinking /home/demulab-asus4070-2024/dspl2024_ws/devel/lib/python3/dist-packages/tmc_vision_msgs/msg/_Detection.py
Symlinking /home/demulab-asus4070-2024/dspl2024_ws/devel/lib/pkgconfig/tmc_vision_msgs.pc
Symlinking /home/demulab-asus4070-2024/dspl2024_ws/devel/include/tmc_vision_msgs/Detection.h
Symlinking /home/demulab-asus4070-2024/dspl2024_ws/devel/include/tmc_vision_msgs/Label.h
Symlinking /home/demulab-asus4070-2024/dspl2024_ws/devel/include/tmc_vision_msgs/DetectionArray.h
Symlinking /home/demulab-asus4070-2024/dspl2024_ws/devel/share/roseus/ros/tmc_vision_msgs/manifest.l
Symlinking /home/demulab-asus4070-2024/dspl2024_ws/devel/share/roseus/ros/tmc_vision_msgs/msg/DetectionArray.l
Symlinking /home/demulab-asus4070-2024/dspl2024_ws/devel/share/roseus/ros/tmc_vision_msgs/msg/Label.l
Symlinking /home/demulab-asus4070-2024/dspl2024_ws/devel/share/roseus/ros/tmc_vision_msgs/msg/Detection.l
Symlinking /home/demulab-asus4070-2024/dspl2024_ws/devel/share/common-lisp/ros/tmc_vision_msgs/msg/_package_Detection.lisp
Symlinking /home/demulab-asus4070-2024/dspl2024_ws/devel/share/common-lisp/ros/tmc_vision_msgs/msg/DetectionArray.lisp
Symlinking /home/demulab-asus4070-2024/dspl2024_ws/devel/share/common-lisp/ros/tmc_vision_msgs/msg/Detection.lisp
Symlinking /home/demulab-asus4070-2024/dspl2024_ws/devel/share/common-lisp/ros/tmc_vision_msgs/msg/_package.lisp
Symlinking /home/demulab-asus4070-2024/dspl2024_ws/devel/share/common-lisp/ros/tmc_vision_msgs/msg/_package_DetectionArray.lisp
Symlinking /home/demulab-asus4070-2024/dspl2024_ws/devel/share/common-lisp/ros/tmc_vision_msgs/msg/Label.lisp
Symlinking /home/demulab-asus4070-2024/dspl2024_ws/devel/share/common-lisp/ros/tmc_vision_msgs/msg/_package_Label.lisp
Symlinking /home/demulab-asus4070-2024/dspl2024_ws/devel/share/common-lisp/ros/tmc_vision_msgs/msg/tmc_vision_msgs-msg.asd
Symlinking /home/demulab-asus4070-2024/dspl2024_ws/devel/share/gennodejs/ros/tmc_vision_msgs/_index.js
Symlinking /home/demulab-asus4070-2024/dspl2024_ws/devel/share/gennodejs/ros/tmc_vision_msgs/msg/Label.js
Symlinking /home/demulab-asus4070-2024/dspl2024_ws/devel/share/gennodejs/ros/tmc_vision_msgs/msg/_index.js
Symlinking /home/demulab-asus4070-2024/dspl2024_ws/devel/share/gennodejs/ros/tmc_vision_msgs/msg/Detection.js
Symlinking /home/demulab-asus4070-2024/dspl2024_ws/devel/share/gennodejs/ros/tmc_vision_msgs/msg/DetectionArray.js
Symlinking /home/demulab-asus4070-2024/dspl2024_ws/devel/share/tmc_vision_msgs/cmake/tmc_vision_msgs-msg-extras.cmake
Symlinking /home/demulab-asus4070-2024/dspl2024_ws/devel/share/tmc_vision_msgs/cmake/tmc_vision_msgsConfig.cmake
Symlinking /home/demulab-asus4070-2024/dspl2024_ws/devel/share/tmc_vision_msgs/cmake/tmc_vision_msgs-msg-paths.cmake
Symlinking /home/demulab-asus4070-2024/dspl2024_ws/devel/share/tmc_vision_msgs/cmake/tmc_vision_msgsConfig-version.cmake
