Linked: (/home/demulab-asus4070-2024/dspl2024_ws/devel/.private/tmc_vision_msgs/lib/python3/dist-packages/tmc_vision_msgs/__init__.py, /home/demulab-asus4070-2024/dspl2024_ws/devel/lib/python3/dist-packages/tmc_vision_msgs/__init__.py)
Linked: (/home/demulab-asus4070-2024/dspl2024_ws/devel/.private/tmc_vision_msgs/lib/python3/dist-packages/tmc_vision_msgs/msg/__init__.py, /home/demulab-asus4070-2024/dspl2024_ws/devel/lib/python3/dist-packages/tmc_vision_msgs/msg/__init__.py)
Linked: (/home/demulab-asus4070-2024/dspl2024_ws/devel/.private/tmc_vision_msgs/lib/python3/dist-packages/tmc_vision_msgs/msg/_Label.py, /home/demulab-asus4070-2024/dspl2024_ws/devel/lib/python3/dist-packages/tmc_vision_msgs/msg/_Label.py)
Linked: (/home/demulab-asus4070-2024/dspl2024_ws/devel/.private/tmc_vision_msgs/lib/python3/dist-packages/tmc_vision_msgs/msg/_DetectionArray.py, /home/demulab-asus4070-2024/dspl2024_ws/devel/lib/python3/dist-packages/tmc_vision_msgs/msg/_DetectionArray.py)
Linked: (/home/demulab-asus4070-2024/dspl2024_ws/devel/.private/tmc_vision_msgs/lib/python3/dist-packages/tmc_vision_msgs/msg/_Detection.py, /home/demulab-asus4070-2024/dspl2024_ws/devel/lib/python3/dist-packages/tmc_vision_msgs/msg/_Detection.py)
Linked: (/home/demulab-asus4070-2024/dspl2024_ws/devel/.private/tmc_vision_msgs/lib/pkgconfig/tmc_vision_msgs.pc, /home/demulab-asus4070-2024/dspl2024_ws/devel/lib/pkgconfig/tmc_vision_msgs.pc)
Linked: (/home/demulab-asus4070-2024/dspl2024_ws/devel/.private/tmc_vision_msgs/include/tmc_vision_msgs/Detection.h, /home/demulab-asus4070-2024/dspl2024_ws/devel/include/tmc_vision_msgs/Detection.h)
Linked: (/home/demulab-asus4070-2024/dspl2024_ws/devel/.private/tmc_vision_msgs/include/tmc_vision_msgs/Label.h, /home/demulab-asus4070-2024/dspl2024_ws/devel/include/tmc_vision_msgs/Label.h)
Linked: (/home/demulab-asus4070-2024/dspl2024_ws/devel/.private/tmc_vision_msgs/include/tmc_vision_msgs/DetectionArray.h, /home/demulab-asus4070-2024/dspl2024_ws/devel/include/tmc_vision_msgs/DetectionArray.h)
Linked: (/home/demulab-asus4070-2024/dspl2024_ws/devel/.private/tmc_vision_msgs/share/roseus/ros/tmc_vision_msgs/manifest.l, /home/demulab-asus4070-2024/dspl2024_ws/devel/share/roseus/ros/tmc_vision_msgs/manifest.l)
Linked: (/home/demulab-asus4070-2024/dspl2024_ws/devel/.private/tmc_vision_msgs/share/roseus/ros/tmc_vision_msgs/msg/DetectionArray.l, /home/demulab-asus4070-2024/dspl2024_ws/devel/share/roseus/ros/tmc_vision_msgs/msg/DetectionArray.l)
Linked: (/home/demulab-asus4070-2024/dspl2024_ws/devel/.private/tmc_vision_msgs/share/roseus/ros/tmc_vision_msgs/msg/Label.l, /home/demulab-asus4070-2024/dspl2024_ws/devel/share/roseus/ros/tmc_vision_msgs/msg/Label.l)
Linked: (/home/demulab-asus4070-2024/dspl2024_ws/devel/.private/tmc_vision_msgs/share/roseus/ros/tmc_vision_msgs/msg/Detection.l, /home/demulab-asus4070-2024/dspl2024_ws/devel/share/roseus/ros/tmc_vision_msgs/msg/Detection.l)
Linked: (/home/demulab-asus4070-2024/dspl2024_ws/devel/.private/tmc_vision_msgs/share/common-lisp/ros/tmc_vision_msgs/msg/_package_Detection.lisp, /home/demulab-asus4070-2024/dspl2024_ws/devel/share/common-lisp/ros/tmc_vision_msgs/msg/_package_Detection.lisp)
Linked: (/home/demulab-asus4070-2024/dspl2024_ws/devel/.private/tmc_vision_msgs/share/common-lisp/ros/tmc_vision_msgs/msg/DetectionArray.lisp, /home/demulab-asus4070-2024/dspl2024_ws/devel/share/common-lisp/ros/tmc_vision_msgs/msg/DetectionArray.lisp)
Linked: (/home/demulab-asus4070-2024/dspl2024_ws/devel/.private/tmc_vision_msgs/share/common-lisp/ros/tmc_vision_msgs/msg/Detection.lisp, /home/demulab-asus4070-2024/dspl2024_ws/devel/share/common-lisp/ros/tmc_vision_msgs/msg/Detection.lisp)
Linked: (/home/demulab-asus4070-2024/dspl2024_ws/devel/.private/tmc_vision_msgs/share/common-lisp/ros/tmc_vision_msgs/msg/_package.lisp, /home/demulab-asus4070-2024/dspl2024_ws/devel/share/common-lisp/ros/tmc_vision_msgs/msg/_package.lisp)
Linked: (/home/demulab-asus4070-2024/dspl2024_ws/devel/.private/tmc_vision_msgs/share/common-lisp/ros/tmc_vision_msgs/msg/_package_DetectionArray.lisp, /home/demulab-asus4070-2024/dspl2024_ws/devel/share/common-lisp/ros/tmc_vision_msgs/msg/_package_DetectionArray.lisp)
Linked: (/home/demulab-asus4070-2024/dspl2024_ws/devel/.private/tmc_vision_msgs/share/common-lisp/ros/tmc_vision_msgs/msg/Label.lisp, /home/demulab-asus4070-2024/dspl2024_ws/devel/share/common-lisp/ros/tmc_vision_msgs/msg/Label.lisp)
Linked: (/home/demulab-asus4070-2024/dspl2024_ws/devel/.private/tmc_vision_msgs/share/common-lisp/ros/tmc_vision_msgs/msg/_package_Label.lisp, /home/demulab-asus4070-2024/dspl2024_ws/devel/share/common-lisp/ros/tmc_vision_msgs/msg/_package_Label.lisp)
Linked: (/home/demulab-asus4070-2024/dspl2024_ws/devel/.private/tmc_vision_msgs/share/common-lisp/ros/tmc_vision_msgs/msg/tmc_vision_msgs-msg.asd, /home/demulab-asus4070-2024/dspl2024_ws/devel/share/common-lisp/ros/tmc_vision_msgs/msg/tmc_vision_msgs-msg.asd)
Linked: (/home/demulab-asus4070-2024/dspl2024_ws/devel/.private/tmc_vision_msgs/share/gennodejs/ros/tmc_vision_msgs/_index.js, /home/demulab-asus4070-2024/dspl2024_ws/devel/share/gennodejs/ros/tmc_vision_msgs/_index.js)
Linked: (/home/demulab-asus4070-2024/dspl2024_ws/devel/.private/tmc_vision_msgs/share/gennodejs/ros/tmc_vision_msgs/msg/Label.js, /home/demulab-asus4070-2024/dspl2024_ws/devel/share/gennodejs/ros/tmc_vision_msgs/msg/Label.js)
Linked: (/home/demulab-asus4070-2024/dspl2024_ws/devel/.private/tmc_vision_msgs/share/gennodejs/ros/tmc_vision_msgs/msg/_index.js, /home/demulab-asus4070-2024/dspl2024_ws/devel/share/gennodejs/ros/tmc_vision_msgs/msg/_index.js)
Linked: (/home/demulab-asus4070-2024/dspl2024_ws/devel/.private/tmc_vision_msgs/share/gennodejs/ros/tmc_vision_msgs/msg/Detection.js, /home/demulab-asus4070-2024/dspl2024_ws/devel/share/gennodejs/ros/tmc_vision_msgs/msg/Detection.js)
Linked: (/home/demulab-asus4070-2024/dspl2024_ws/devel/.private/tmc_vision_msgs/share/gennodejs/ros/tmc_vision_msgs/msg/DetectionArray.js, /home/demulab-asus4070-2024/dspl2024_ws/devel/share/gennodejs/ros/tmc_vision_msgs/msg/DetectionArray.js)
Linked: (/home/demulab-asus4070-2024/dspl2024_ws/devel/.private/tmc_vision_msgs/share/tmc_vision_msgs/cmake/tmc_vision_msgs-msg-extras.cmake, /home/demulab-asus4070-2024/dspl2024_ws/devel/share/tmc_vision_msgs/cmake/tmc_vision_msgs-msg-extras.cmake)
Linked: (/home/demulab-asus4070-2024/dspl2024_ws/devel/.private/tmc_vision_msgs/share/tmc_vision_msgs/cmake/tmc_vision_msgsConfig.cmake, /home/demulab-asus4070-2024/dspl2024_ws/devel/share/tmc_vision_msgs/cmake/tmc_vision_msgsConfig.cmake)
Linked: (/home/demulab-asus4070-2024/dspl2024_ws/devel/.private/tmc_vision_msgs/share/tmc_vision_msgs/cmake/tmc_vision_msgs-msg-paths.cmake, /home/demulab-asus4070-2024/dspl2024_ws/devel/share/tmc_vision_msgs/cmake/tmc_vision_msgs-msg-paths.cmake)
Linked: (/home/demulab-asus4070-2024/dspl2024_ws/devel/.private/tmc_vision_msgs/share/tmc_vision_msgs/cmake/tmc_vision_msgsConfig-version.cmake, /home/demulab-asus4070-2024/dspl2024_ws/devel/share/tmc_vision_msgs/cmake/tmc_vision_msgsConfig-version.cmake)
