Symlinking /home/demulab-asus4070-2024/dspl2024_ws/devel/lib/python3/dist-packages/detic_pkg/__init__.py
Symlinking /home/demulab-asus4070-2024/dspl2024_ws/devel/lib/python3/dist-packages/detic_pkg/msg/_Result.py
Symlinking /home/demulab-asus4070-2024/dspl2024_ws/devel/lib/python3/dist-packages/detic_pkg/msg/_Data.py
Symlinking /home/demulab-asus4070-2024/dspl2024_ws/devel/lib/python3/dist-packages/detic_pkg/msg/__init__.py
Symlinking /home/demulab-asus4070-2024/dspl2024_ws/devel/lib/pkgconfig/detic_pkg.pc
Symlinking /home/demulab-asus4070-2024/dspl2024_ws/devel/include/detic_pkg/Data.h
Symlinking /home/demulab-asus4070-2024/dspl2024_ws/devel/include/detic_pkg/Result.h
Symlinking /home/demulab-asus4070-2024/dspl2024_ws/devel/share/roseus/ros/detic_pkg/manifest.l
Symlinking /home/demulab-asus4070-2024/dspl2024_ws/devel/share/roseus/ros/detic_pkg/msg/Data.l
Symlinking /home/demulab-asus4070-2024/dspl2024_ws/devel/share/roseus/ros/detic_pkg/msg/Result.l
Symlinking /home/demulab-asus4070-2024/dspl2024_ws/devel/share/common-lisp/ros/detic_pkg/msg/Data.lisp
Symlinking /home/demulab-asus4070-2024/dspl2024_ws/devel/share/common-lisp/ros/detic_pkg/msg/_package.lisp
Symlinking /home/demulab-asus4070-2024/dspl2024_ws/devel/share/common-lisp/ros/detic_pkg/msg/_package_Result.lisp
Symlinking /home/demulab-asus4070-2024/dspl2024_ws/devel/share/common-lisp/ros/detic_pkg/msg/Result.lisp
Symlinking /home/demulab-asus4070-2024/dspl2024_ws/devel/share/common-lisp/ros/detic_pkg/msg/_package_Data.lisp
Symlinking /home/demulab-asus4070-2024/dspl2024_ws/devel/share/common-lisp/ros/detic_pkg/msg/detic_pkg-msg.asd
Symlinking /home/demulab-asus4070-2024/dspl2024_ws/devel/share/gennodejs/ros/detic_pkg/_index.js
Symlinking /home/demulab-asus4070-2024/dspl2024_ws/devel/share/gennodejs/ros/detic_pkg/msg/Result.js
Symlinking /home/demulab-asus4070-2024/dspl2024_ws/devel/share/gennodejs/ros/detic_pkg/msg/Data.js
Symlinking /home/demulab-asus4070-2024/dspl2024_ws/devel/share/gennodejs/ros/detic_pkg/msg/_index.js
Symlinking /home/demulab-asus4070-2024/dspl2024_ws/devel/share/detic_pkg/cmake/detic_pkgConfig.cmake
Symlinking /home/demulab-asus4070-2024/dspl2024_ws/devel/share/detic_pkg/cmake/detic_pkg-msg-paths.cmake
Symlinking /home/demulab-asus4070-2024/dspl2024_ws/devel/share/detic_pkg/cmake/detic_pkgConfig-version.cmake
Symlinking /home/demulab-asus4070-2024/dspl2024_ws/devel/share/detic_pkg/cmake/detic_pkg-msg-extras.cmake
