[35m[1mScanning dependencies of target std_msgs_generate_messages_lisp[0m
[35m[1mScanning dependencies of target _detic_pkg_generate_messages_check_deps_Result[0m
[35m[1mScanning dependencies of target sensor_msgs_generate_messages_lisp[0m
[35m[1mScanning dependencies of target _detic_pkg_generate_messages_check_deps_Data[0m
[35m[1mScanning dependencies of target sensor_msgs_generate_messages_py[0m
[35m[1mScanning dependencies of target sensor_msgs_generate_messages_nodejs[0m
[35m[1mScanning dependencies of target std_msgs_generate_messages_eus[0m
[35m[1mScanning dependencies of target std_msgs_generate_messages_py[0m
[35m[1mScanning dependencies of target sensor_msgs_generate_messages_eus[0m
[35m[1mScanning dependencies of target sensor_msgs_generate_messages_cpp[0m
[35m[1mScanning dependencies of target std_msgs_generate_messages_cpp[0m
[  0%] Built target sensor_msgs_generate_messages_lisp
[  0%] Built target std_msgs_generate_messages_lisp
[  0%] Built target sensor_msgs_generate_messages_py
[35m[1mScanning dependencies of target std_msgs_generate_messages_nodejs[0m
[  0%] Built target sensor_msgs_generate_messages_nodejs
[  0%] Built target std_msgs_generate_messages_eus
[  0%] Built target sensor_msgs_generate_messages_cpp
[  0%] Built target std_msgs_generate_messages_py
[  0%] Built target sensor_msgs_generate_messages_eus
[  0%] Built target std_msgs_generate_messages_cpp
[  0%] Built target std_msgs_generate_messages_nodejs
[  0%] Built target _detic_pkg_generate_messages_check_deps_Result
[  0%] Built target _detic_pkg_generate_messages_check_deps_Data
[35m[1mScanning dependencies of target detic_pkg_generate_messages_lisp[0m
[35m[1mScanning dependencies of target detic_pkg_generate_messages_nodejs[0m
[35m[1mScanning dependencies of target detic_pkg_generate_messages_py[0m
[35m[1mScanning dependencies of target detic_pkg_generate_messages_eus[0m
[35m[1mScanning dependencies of target detic_pkg_generate_messages_cpp[0m
[ 25%] [34m[1mGenerating Javascript code from detic_pkg/Data.msg[0m
[ 25%] [34m[1mGenerating Javascript code from detic_pkg/Result.msg[0m
[ 25%] [34m[1mGenerating Lisp code from detic_pkg/Data.msg[0m
[ 33%] [34m[1mGenerating Python from MSG detic_pkg/Result[0m
[ 41%] [34m[1mGenerating Lisp code from detic_pkg/Result.msg[0m
[ 50%] [34m[1mGenerating Python from MSG detic_pkg/Data[0m
[ 58%] [34m[1mGenerating C++ code from detic_pkg/Result.msg[0m
[ 66%] [34m[1mGenerating EusLisp code from detic_pkg/Data.msg[0m
[ 75%] [34m[1mGenerating EusLisp code from detic_pkg/Result.msg[0m
[ 83%] [34m[1mGenerating EusLisp manifest code for detic_pkg[0m
[ 91%] [34m[1mGenerating C++ code from detic_pkg/Data.msg[0m
[ 91%] Built target detic_pkg_generate_messages_nodejs
[ 91%] Built target detic_pkg_generate_messages_lisp
[ 91%] Built target detic_pkg_generate_messages_cpp
[100%] [34m[1mGenerating Python msg __init__.py for detic_pkg[0m
[100%] Built target detic_pkg_generate_messages_py
[100%] Built target detic_pkg_generate_messages_eus
[35m[1mScanning dependencies of target detic_pkg_generate_messages[0m
[100%] Built target detic_pkg_generate_messages
