[35m[1mScanning dependencies of target _audio_common_msgs_generate_messages_check_deps_AudioData[0m
[35m[1mScanning dependencies of target _audio_common_msgs_generate_messages_check_deps_AudioInfo[0m
[35m[1mScanning dependencies of target std_msgs_generate_messages_nodejs[0m
[35m[1mScanning dependencies of target std_msgs_generate_messages_eus[0m
[35m[1mScanning dependencies of target std_msgs_generate_messages_lisp[0m
[35m[1mScanning dependencies of target _audio_common_msgs_generate_messages_check_deps_AudioDataStamped[0m
[35m[1mScanning dependencies of target std_msgs_generate_messages_cpp[0m
[35m[1mScanning dependencies of target std_msgs_generate_messages_py[0m
[  0%] Built target std_msgs_generate_messages_nodejs
[  0%] Built target std_msgs_generate_messages_lisp
[  0%] Built target std_msgs_generate_messages_cpp
[  0%] Built target std_msgs_generate_messages_eus
[  0%] Built target std_msgs_generate_messages_py
[  0%] Built target _audio_common_msgs_generate_messages_check_deps_AudioData
[  0%] Built target _audio_common_msgs_generate_messages_check_deps_AudioInfo
[  0%] Built target _audio_common_msgs_generate_messages_check_deps_AudioDataStamped
[35m[1mScanning dependencies of target audio_common_msgs_generate_messages_lisp[0m
[35m[1mScanning dependencies of target audio_common_msgs_generate_messages_eus[0m
[35m[1mScanning dependencies of target audio_common_msgs_generate_messages_py[0m
[35m[1mScanning dependencies of target audio_common_msgs_generate_messages_nodejs[0m
[35m[1mScanning dependencies of target audio_common_msgs_generate_messages_cpp[0m
[ 11%] [34m[1mGenerating Lisp code from audio_common_msgs/AudioData.msg[0m
[ 11%] [34m[1mGenerating Lisp code from audio_common_msgs/AudioDataStamped.msg[0m
[ 17%] [34m[1mGenerating EusLisp manifest code for audio_common_msgs[0m
[ 23%] [34m[1mGenerating Lisp code from audio_common_msgs/AudioInfo.msg[0m
[ 29%] [34m[1mGenerating EusLisp code from audio_common_msgs/AudioInfo.msg[0m
[ 35%] [34m[1mGenerating EusLisp code from audio_common_msgs/AudioData.msg[0m
[ 41%] [34m[1mGenerating Python from MSG audio_common_msgs/AudioDataStamped[0m
[ 47%] [34m[1mGenerating EusLisp code from audio_common_msgs/AudioDataStamped.msg[0m
[ 64%] [34m[1mGenerating Python from MSG audio_common_msgs/AudioInfo[0m
[ 64%] [34m[1mGenerating C++ code from audio_common_msgs/AudioData.msg[0m
[ 82%] [34m[1mGenerating Javascript code from audio_common_msgs/AudioDataStamped.msg[0m
[ 82%] [34m[1mGenerating Python from MSG audio_common_msgs/AudioData[0m
[ 76%] [34m[1mGenerating Javascript code from audio_common_msgs/AudioData.msg[0m
[ 82%] [34m[1mGenerating C++ code from audio_common_msgs/AudioDataStamped.msg[0m
[ 88%] [34m[1mGenerating Javascript code from audio_common_msgs/AudioInfo.msg[0m
[ 94%] [34m[1mGenerating C++ code from audio_common_msgs/AudioInfo.msg[0m
[ 94%] Built target audio_common_msgs_generate_messages_lisp
[ 94%] Built target audio_common_msgs_generate_messages_nodejs
[ 94%] Built target audio_common_msgs_generate_messages_cpp
[100%] [34m[1mGenerating Python msg __init__.py for audio_common_msgs[0m
[100%] Built target audio_common_msgs_generate_messages_py
[100%] Built target audio_common_msgs_generate_messages_eus
[35m[1mScanning dependencies of target audio_common_msgs_generate_messages[0m
[100%] Built target audio_common_msgs_generate_messages
