Symlinking /home/demulab-asus4070-2024/dspl2024_ws/devel/lib/python3/dist-packages/audio_common_msgs/__init__.py
Symlinking /home/demulab-asus4070-2024/dspl2024_ws/devel/lib/python3/dist-packages/audio_common_msgs/msg/_AudioInfo.py
Symlinking /home/demulab-asus4070-2024/dspl2024_ws/devel/lib/python3/dist-packages/audio_common_msgs/msg/_AudioData.py
Symlinking /home/demulab-asus4070-2024/dspl2024_ws/devel/lib/python3/dist-packages/audio_common_msgs/msg/__init__.py
Symlinking /home/demulab-asus4070-2024/dspl2024_ws/devel/lib/python3/dist-packages/audio_common_msgs/msg/_AudioDataStamped.py
Symlinking /home/demulab-asus4070-2024/dspl2024_ws/devel/lib/pkgconfig/audio_common_msgs.pc
Symlinking /home/demulab-asus4070-2024/dspl2024_ws/devel/include/audio_common_msgs/AudioData.h
Symlinking /home/demulab-asus4070-2024/dspl2024_ws/devel/include/audio_common_msgs/AudioInfo.h
Symlinking /home/demulab-asus4070-2024/dspl2024_ws/devel/include/audio_common_msgs/AudioDataStamped.h
Symlinking /home/demulab-asus4070-2024/dspl2024_ws/devel/share/roseus/ros/audio_common_msgs/manifest.l
Symlinking /home/demulab-asus4070-2024/dspl2024_ws/devel/share/roseus/ros/audio_common_msgs/msg/AudioData.l
Symlinking /home/demulab-asus4070-2024/dspl2024_ws/devel/share/roseus/ros/audio_common_msgs/msg/AudioInfo.l
Symlinking /home/demulab-asus4070-2024/dspl2024_ws/devel/share/roseus/ros/audio_common_msgs/msg/AudioDataStamped.l
Symlinking /home/demulab-asus4070-2024/dspl2024_ws/devel/share/common-lisp/ros/audio_common_msgs/msg/AudioDataStamped.lisp
Symlinking /home/demulab-asus4070-2024/dspl2024_ws/devel/share/common-lisp/ros/audio_common_msgs/msg/AudioInfo.lisp
Symlinking /home/demulab-asus4070-2024/dspl2024_ws/devel/share/common-lisp/ros/audio_common_msgs/msg/_package.lisp
Symlinking /home/demulab-asus4070-2024/dspl2024_ws/devel/share/common-lisp/ros/audio_common_msgs/msg/_package_AudioData.lisp
Symlinking /home/demulab-asus4070-2024/dspl2024_ws/devel/share/common-lisp/ros/audio_common_msgs/msg/_package_AudioInfo.lisp
Symlinking /home/demulab-asus4070-2024/dspl2024_ws/devel/share/common-lisp/ros/audio_common_msgs/msg/audio_common_msgs-msg.asd
Symlinking /home/demulab-asus4070-2024/dspl2024_ws/devel/share/common-lisp/ros/audio_common_msgs/msg/_package_AudioDataStamped.lisp
Symlinking /home/demulab-asus4070-2024/dspl2024_ws/devel/share/common-lisp/ros/audio_common_msgs/msg/AudioData.lisp
Symlinking /home/demulab-asus4070-2024/dspl2024_ws/devel/share/gennodejs/ros/audio_common_msgs/_index.js
Symlinking /home/demulab-asus4070-2024/dspl2024_ws/devel/share/gennodejs/ros/audio_common_msgs/msg/AudioData.js
Symlinking /home/demulab-asus4070-2024/dspl2024_ws/devel/share/gennodejs/ros/audio_common_msgs/msg/AudioInfo.js
Symlinking /home/demulab-asus4070-2024/dspl2024_ws/devel/share/gennodejs/ros/audio_common_msgs/msg/_index.js
Symlinking /home/demulab-asus4070-2024/dspl2024_ws/devel/share/gennodejs/ros/audio_common_msgs/msg/AudioDataStamped.js
Symlinking /home/demulab-asus4070-2024/dspl2024_ws/devel/share/audio_common_msgs/cmake/audio_common_msgsConfig.cmake
Symlinking /home/demulab-asus4070-2024/dspl2024_ws/devel/share/audio_common_msgs/cmake/audio_common_msgsConfig-version.cmake
Symlinking /home/demulab-asus4070-2024/dspl2024_ws/devel/share/audio_common_msgs/cmake/audio_common_msgs-msg-extras.cmake
Symlinking /home/demulab-asus4070-2024/dspl2024_ws/devel/share/audio_common_msgs/cmake/audio_common_msgs-msg-paths.cmake
