Performing C SOURCE FILE Test CMAKE_HAVE_LIBC_PTHREAD failed with the following output:
Change Dir: /home/demulab-asus4070-2024/dspl2024_ws/build/tmc_vision_msgs/CMakeFiles/CMakeTmp

Run Build Command(s):/usr/bin/make cmTC_9147d/fast && /usr/bin/make -f CMakeFiles/cmTC_9147d.dir/build.make CMakeFiles/cmTC_9147d.dir/build
make[1]: ディレクトリ '/home/demulab-asus4070-2024/dspl2024_ws/build/tmc_vision_msgs/CMakeFiles/CMakeTmp' に入ります
Building C object CMakeFiles/cmTC_9147d.dir/src.c.o
/usr/bin/cc   -DCMAKE_HAVE_LIBC_PTHREAD   -o CMakeFiles/cmTC_9147d.dir/src.c.o   -c /home/demulab-asus4070-2024/dspl2024_ws/build/tmc_vision_msgs/CMakeFiles/CMakeTmp/src.c
Linking C executable cmTC_9147d
/usr/bin/cmake -E cmake_link_script CMakeFiles/cmTC_9147d.dir/link.txt --verbose=1
/usr/bin/cc  -DCMAKE_HAVE_LIBC_PTHREAD    -rdynamic CMakeFiles/cmTC_9147d.dir/src.c.o  -o cmTC_9147d 
/usr/bin/ld: CMakeFiles/cmTC_9147d.dir/src.c.o: in function `main':
src.c:(.text+0x46): undefined reference to `pthread_create'
/usr/bin/ld: src.c:(.text+0x52): undefined reference to `pthread_detach'
/usr/bin/ld: src.c:(.text+0x63): undefined reference to `pthread_join'
collect2: error: ld returned 1 exit status
make[1]: *** [CMakeFiles/cmTC_9147d.dir/build.make:87: cmTC_9147d] エラー 1
make[1]: ディレクトリ '/home/demulab-asus4070-2024/dspl2024_ws/build/tmc_vision_msgs/CMakeFiles/CMakeTmp' から出ます
make: *** [Makefile:121: cmTC_9147d/fast] エラー 2


Source file was:
#include <pthread.h>

void* test_func(void* data)
{
  return data;
}

int main(void)
{
  pthread_t thread;
  pthread_create(&thread, NULL, test_func, NULL);
  pthread_detach(thread);
  pthread_join(thread, NULL);
  pthread_atfork(NULL, NULL, NULL);
  pthread_exit(NULL);

  return 0;
}

Determining if the function pthread_create exists in the pthreads failed with the following output:
Change Dir: /home/demulab-asus4070-2024/dspl2024_ws/build/tmc_vision_msgs/CMakeFiles/CMakeTmp

Run Build Command(s):/usr/bin/make cmTC_2ec63/fast && /usr/bin/make -f CMakeFiles/cmTC_2ec63.dir/build.make CMakeFiles/cmTC_2ec63.dir/build
make[1]: ディレクトリ '/home/demulab-asus4070-2024/dspl2024_ws/build/tmc_vision_msgs/CMakeFiles/CMakeTmp' に入ります
Building C object CMakeFiles/cmTC_2ec63.dir/CheckFunctionExists.c.o
/usr/bin/cc   -DCHECK_FUNCTION_EXISTS=pthread_create   -o CMakeFiles/cmTC_2ec63.dir/CheckFunctionExists.c.o   -c /usr/share/cmake-3.16/Modules/CheckFunctionExists.c
Linking C executable cmTC_2ec63
/usr/bin/cmake -E cmake_link_script CMakeFiles/cmTC_2ec63.dir/link.txt --verbose=1
/usr/bin/cc  -DCHECK_FUNCTION_EXISTS=pthread_create    -rdynamic CMakeFiles/cmTC_2ec63.dir/CheckFunctionExists.c.o  -o cmTC_2ec63  -lpthreads 
/usr/bin/ld: -lpthreads が見つかりません
collect2: error: ld returned 1 exit status
make[1]: *** [CMakeFiles/cmTC_2ec63.dir/build.make:87: cmTC_2ec63] エラー 1
make[1]: ディレクトリ '/home/demulab-asus4070-2024/dspl2024_ws/build/tmc_vision_msgs/CMakeFiles/CMakeTmp' から出ます
make: *** [Makefile:121: cmTC_2ec63/fast] エラー 2



