[35m[1mScanning dependencies of target _sound_play_generate_messages_check_deps_SoundRequestAction[0m
[35m[1mScanning dependencies of target _sound_play_generate_messages_check_deps_SoundRequestActionResult[0m
[35m[1mScanning dependencies of target _sound_play_generate_messages_check_deps_SoundRequest[0m
[35m[1mScanning dependencies of target _sound_play_generate_messages_check_deps_SoundRequestResult[0m
[35m[1mScanning dependencies of target _sound_play_generate_messages_check_deps_SoundRequestActionFeedback[0m
[35m[1mScanning dependencies of target _sound_play_generate_messages_check_deps_SoundRequestFeedback[0m
[35m[1mScanning dependencies of target _sound_play_generate_messages_check_deps_SoundRequestGoal[0m
[35m[1mScanning dependencies of target actionlib_msgs_generate_messages_cpp[0m
[35m[1mScanning dependencies of target _sound_play_generate_messages_check_deps_SoundRequestActionGoal[0m
[35m[1mScanning dependencies of target actionlib_msgs_generate_messages_eus[0m
[35m[1mScanning dependencies of target actionlib_msgs_generate_messages_py[0m
[35m[1mScanning dependencies of target actionlib_msgs_generate_messages_nodejs[0m
[  0%] Built target actionlib_msgs_generate_messages_eus
[  0%] Built target actionlib_msgs_generate_messages_py
[  0%] Built target actionlib_msgs_generate_messages_cpp
[  0%] Built target actionlib_msgs_generate_messages_nodejs
[35m[1mScanning dependencies of target actionlib_msgs_generate_messages_lisp[0m
[  0%] Built target actionlib_msgs_generate_messages_lisp
[  0%] Built target _sound_play_generate_messages_check_deps_SoundRequest
[  0%] Built target _sound_play_generate_messages_check_deps_SoundRequestAction
[  0%] Built target _sound_play_generate_messages_check_deps_SoundRequestGoal
[  0%] Built target _sound_play_generate_messages_check_deps_SoundRequestActionGoal
[  0%] Built target _sound_play_generate_messages_check_deps_SoundRequestResult
[  0%] Built target _sound_play_generate_messages_check_deps_SoundRequestActionResult
[  0%] Built target _sound_play_generate_messages_check_deps_SoundRequestFeedback
[  0%] Built target _sound_play_generate_messages_check_deps_SoundRequestActionFeedback
[35m[1mScanning dependencies of target sound_play_generate_messages_nodejs[0m
[35m[1mScanning dependencies of target sound_play_generate_messages_eus[0m
[35m[1mScanning dependencies of target sound_play_generate_messages_py[0m
[35m[1mScanning dependencies of target sound_play_generate_messages_lisp[0m
[35m[1mScanning dependencies of target sound_play_generate_messages_cpp[0m
[ 23%] [34m[1mGenerating Python from MSG sound_play/SoundRequestAction[0m
[ 23%] [34m[1mGenerating Lisp code from sound_play/SoundRequestAction.msg[0m
[ 23%] [34m[1mGenerating Python from MSG sound_play/SoundRequestActionResult[0m
[ 23%] [34m[1mGenerating C++ code from sound_play/SoundRequestActionResult.msg[0m
[ 23%] [34m[1mGenerating Javascript code from sound_play/SoundRequestActionGoal.msg[0m
[ 23%] [34m[1mGenerating Python from MSG sound_play/SoundRequestActionGoal[0m
[ 23%] [34m[1mGenerating EusLisp code from sound_play/SoundRequestAction.msg[0m
[ 23%] [34m[1mGenerating EusLisp code from sound_play/SoundRequestActionGoal.msg[0m
[ 23%] [34m[1mGenerating C++ code from sound_play/SoundRequestActionGoal.msg[0m
[ 26%] [34m[1mGenerating Javascript code from sound_play/SoundRequestActionResult.msg[0m
[ 23%] [34m[1mGenerating C++ code from sound_play/SoundRequestAction.msg[0m
[ 28%] [34m[1mGenerating Javascript code from sound_play/SoundRequestAction.msg[0m
[ 30%] [34m[1mGenerating Lisp code from sound_play/SoundRequestActionGoal.msg[0m
[ 33%] [34m[1mGenerating Lisp code from sound_play/SoundRequestActionResult.msg[0m
[ 35%] [34m[1mGenerating C++ code from sound_play/SoundRequestActionFeedback.msg[0m
[ 38%] [34m[1mGenerating Javascript code from sound_play/SoundRequestActionFeedback.msg[0m
[ 40%] [34m[1mGenerating EusLisp code from sound_play/SoundRequestActionResult.msg[0m
[ 42%] [34m[1mGenerating EusLisp code from sound_play/SoundRequestActionFeedback.msg[0m
[ 45%] [34m[1mGenerating Lisp code from sound_play/SoundRequestActionFeedback.msg[0m
[ 50%] [34m[1mGenerating C++ code from sound_play/SoundRequestGoal.msg[0m
[ 50%] [34m[1mGenerating Lisp code from sound_play/SoundRequestGoal.msg[0m
[ 52%] [34m[1mGenerating EusLisp code from sound_play/SoundRequestGoal.msg[0m
[ 54%] [34m[1mGenerating Python from MSG sound_play/SoundRequestActionFeedback[0m
[ 57%] [34m[1mGenerating Javascript code from sound_play/SoundRequestGoal.msg[0m
[ 59%] [34m[1mGenerating Python from MSG sound_play/SoundRequestGoal[0m
[ 61%] [34m[1mGenerating Lisp code from sound_play/SoundRequestResult.msg[0m
[ 64%] [34m[1mGenerating Python from MSG sound_play/SoundRequestResult[0m
[ 66%] [34m[1mGenerating Lisp code from sound_play/SoundRequestFeedback.msg[0m
[ 73%] [34m[1mGenerating C++ code from sound_play/SoundRequestResult.msg[0m
[ 73%] [34m[1mGenerating Python from MSG sound_play/SoundRequestFeedback[0m
[ 73%] [34m[1mGenerating EusLisp code from sound_play/SoundRequestResult.msg[0m
[ 76%] [34m[1mGenerating EusLisp code from sound_play/SoundRequestFeedback.msg[0m
[ 80%] [34m[1mGenerating Lisp code from sound_play/SoundRequest.msg[0m
[ 80%] [34m[1mGenerating Python from MSG sound_play/SoundRequest[0m
[ 83%] [34m[1mGenerating Javascript code from sound_play/SoundRequestResult.msg[0m
[ 85%] [34m[1mGenerating EusLisp code from sound_play/SoundRequest.msg[0m
[ 88%] [34m[1mGenerating C++ code from sound_play/SoundRequestFeedback.msg[0m
[ 90%] [34m[1mGenerating Javascript code from sound_play/SoundRequestFeedback.msg[0m
[ 90%] Built target sound_play_generate_messages_lisp
[ 92%] [34m[1mGenerating C++ code from sound_play/SoundRequest.msg[0m
[ 95%] [34m[1mGenerating Javascript code from sound_play/SoundRequest.msg[0m
[ 97%] [34m[1mGenerating EusLisp manifest code for sound_play[0m
[ 97%] Built target sound_play_generate_messages_nodejs
[100%] [34m[1mGenerating Python msg __init__.py for sound_play[0m
[100%] Built target sound_play_generate_messages_cpp
[100%] Built target sound_play_generate_messages_py
[100%] Built target sound_play_generate_messages_eus
[35m[1mScanning dependencies of target sound_play_generate_messages[0m
[100%] Built target sound_play_generate_messages
