Linked: (/home/demulab-asus4070-2024/dspl2024_ws/devel/.private/sound_play/lib/python3/dist-packages/sound_play/__init__.py, /home/demulab-asus4070-2024/dspl2024_ws/devel/lib/python3/dist-packages/sound_play/__init__.py)
Linked: (/home/demulab-asus4070-2024/dspl2024_ws/devel/.private/sound_play/lib/python3/dist-packages/sound_play/msg/_SoundRequestActionGoal.py, /home/demulab-asus4070-2024/dspl2024_ws/devel/lib/python3/dist-packages/sound_play/msg/_SoundRequestActionGoal.py)
Linked: (/home/demulab-asus4070-2024/dspl2024_ws/devel/.private/sound_play/lib/python3/dist-packages/sound_play/msg/_SoundRequestActionResult.py, /home/demulab-asus4070-2024/dspl2024_ws/devel/lib/python3/dist-packages/sound_play/msg/_SoundRequestActionResult.py)
Linked: (/home/demulab-asus4070-2024/dspl2024_ws/devel/.private/sound_play/lib/python3/dist-packages/sound_play/msg/_SoundRequestGoal.py, /home/demulab-asus4070-2024/dspl2024_ws/devel/lib/python3/dist-packages/sound_play/msg/_SoundRequestGoal.py)
Linked: (/home/demulab-asus4070-2024/dspl2024_ws/devel/.private/sound_play/lib/python3/dist-packages/sound_play/msg/_SoundRequestFeedback.py, /home/demulab-asus4070-2024/dspl2024_ws/devel/lib/python3/dist-packages/sound_play/msg/_SoundRequestFeedback.py)
Linked: (/home/demulab-asus4070-2024/dspl2024_ws/devel/.private/sound_play/lib/python3/dist-packages/sound_play/msg/_SoundRequest.py, /home/demulab-asus4070-2024/dspl2024_ws/devel/lib/python3/dist-packages/sound_play/msg/_SoundRequest.py)
Linked: (/home/demulab-asus4070-2024/dspl2024_ws/devel/.private/sound_play/lib/python3/dist-packages/sound_play/msg/__init__.py, /home/demulab-asus4070-2024/dspl2024_ws/devel/lib/python3/dist-packages/sound_play/msg/__init__.py)
Linked: (/home/demulab-asus4070-2024/dspl2024_ws/devel/.private/sound_play/lib/python3/dist-packages/sound_play/msg/_SoundRequestActionFeedback.py, /home/demulab-asus4070-2024/dspl2024_ws/devel/lib/python3/dist-packages/sound_play/msg/_SoundRequestActionFeedback.py)
Linked: (/home/demulab-asus4070-2024/dspl2024_ws/devel/.private/sound_play/lib/python3/dist-packages/sound_play/msg/_SoundRequestAction.py, /home/demulab-asus4070-2024/dspl2024_ws/devel/lib/python3/dist-packages/sound_play/msg/_SoundRequestAction.py)
Linked: (/home/demulab-asus4070-2024/dspl2024_ws/devel/.private/sound_play/lib/python3/dist-packages/sound_play/msg/_SoundRequestResult.py, /home/demulab-asus4070-2024/dspl2024_ws/devel/lib/python3/dist-packages/sound_play/msg/_SoundRequestResult.py)
Linked: (/home/demulab-asus4070-2024/dspl2024_ws/devel/.private/sound_play/lib/pkgconfig/sound_play.pc, /home/demulab-asus4070-2024/dspl2024_ws/devel/lib/pkgconfig/sound_play.pc)
Linked: (/home/demulab-asus4070-2024/dspl2024_ws/devel/.private/sound_play/lib/sound_play/test_actionlib_client.py, /home/demulab-asus4070-2024/dspl2024_ws/devel/lib/sound_play/test_actionlib_client.py)
Linked: (/home/demulab-asus4070-2024/dspl2024_ws/devel/.private/sound_play/lib/sound_play/shutup.py, /home/demulab-asus4070-2024/dspl2024_ws/devel/lib/sound_play/shutup.py)
Linked: (/home/demulab-asus4070-2024/dspl2024_ws/devel/.private/sound_play/lib/sound_play/cmake.lock, /home/demulab-asus4070-2024/dspl2024_ws/devel/lib/sound_play/cmake.lock)
Linked: (/home/demulab-asus4070-2024/dspl2024_ws/devel/.private/sound_play/lib/sound_play/play.py, /home/demulab-asus4070-2024/dspl2024_ws/devel/lib/sound_play/play.py)
Linked: (/home/demulab-asus4070-2024/dspl2024_ws/devel/.private/sound_play/lib/sound_play/test.py, /home/demulab-asus4070-2024/dspl2024_ws/devel/lib/sound_play/test.py)
Linked: (/home/demulab-asus4070-2024/dspl2024_ws/devel/.private/sound_play/lib/sound_play/soundplay_node.py, /home/demulab-asus4070-2024/dspl2024_ws/devel/lib/sound_play/soundplay_node.py)
Linked: (/home/demulab-asus4070-2024/dspl2024_ws/devel/.private/sound_play/lib/sound_play/is_speaking.py, /home/demulab-asus4070-2024/dspl2024_ws/devel/lib/sound_play/is_speaking.py)
Linked: (/home/demulab-asus4070-2024/dspl2024_ws/devel/.private/sound_play/lib/sound_play/say.py, /home/demulab-asus4070-2024/dspl2024_ws/devel/lib/sound_play/say.py)
Linked: (/home/demulab-asus4070-2024/dspl2024_ws/devel/.private/sound_play/lib/sound_play/playbuiltin.py, /home/demulab-asus4070-2024/dspl2024_ws/devel/lib/sound_play/playbuiltin.py)
Linked: (/home/demulab-asus4070-2024/dspl2024_ws/devel/.private/sound_play/include/sound_play/SoundRequestFeedback.h, /home/demulab-asus4070-2024/dspl2024_ws/devel/include/sound_play/SoundRequestFeedback.h)
Linked: (/home/demulab-asus4070-2024/dspl2024_ws/devel/.private/sound_play/include/sound_play/SoundRequestActionFeedback.h, /home/demulab-asus4070-2024/dspl2024_ws/devel/include/sound_play/SoundRequestActionFeedback.h)
Linked: (/home/demulab-asus4070-2024/dspl2024_ws/devel/.private/sound_play/include/sound_play/SoundRequestResult.h, /home/demulab-asus4070-2024/dspl2024_ws/devel/include/sound_play/SoundRequestResult.h)
Linked: (/home/demulab-asus4070-2024/dspl2024_ws/devel/.private/sound_play/include/sound_play/SoundRequest.h, /home/demulab-asus4070-2024/dspl2024_ws/devel/include/sound_play/SoundRequest.h)
Linked: (/home/demulab-asus4070-2024/dspl2024_ws/devel/.private/sound_play/include/sound_play/SoundRequestAction.h, /home/demulab-asus4070-2024/dspl2024_ws/devel/include/sound_play/SoundRequestAction.h)
Linked: (/home/demulab-asus4070-2024/dspl2024_ws/devel/.private/sound_play/include/sound_play/SoundRequestActionResult.h, /home/demulab-asus4070-2024/dspl2024_ws/devel/include/sound_play/SoundRequestActionResult.h)
Linked: (/home/demulab-asus4070-2024/dspl2024_ws/devel/.private/sound_play/include/sound_play/SoundRequestGoal.h, /home/demulab-asus4070-2024/dspl2024_ws/devel/include/sound_play/SoundRequestGoal.h)
Linked: (/home/demulab-asus4070-2024/dspl2024_ws/devel/.private/sound_play/include/sound_play/SoundRequestActionGoal.h, /home/demulab-asus4070-2024/dspl2024_ws/devel/include/sound_play/SoundRequestActionGoal.h)
Linked: (/home/demulab-asus4070-2024/dspl2024_ws/devel/.private/sound_play/share/roseus/ros/sound_play/manifest.l, /home/demulab-asus4070-2024/dspl2024_ws/devel/share/roseus/ros/sound_play/manifest.l)
Linked: (/home/demulab-asus4070-2024/dspl2024_ws/devel/.private/sound_play/share/roseus/ros/sound_play/msg/SoundRequestActionResult.l, /home/demulab-asus4070-2024/dspl2024_ws/devel/share/roseus/ros/sound_play/msg/SoundRequestActionResult.l)
Linked: (/home/demulab-asus4070-2024/dspl2024_ws/devel/.private/sound_play/share/roseus/ros/sound_play/msg/SoundRequestFeedback.l, /home/demulab-asus4070-2024/dspl2024_ws/devel/share/roseus/ros/sound_play/msg/SoundRequestFeedback.l)
Linked: (/home/demulab-asus4070-2024/dspl2024_ws/devel/.private/sound_play/share/roseus/ros/sound_play/msg/SoundRequestActionGoal.l, /home/demulab-asus4070-2024/dspl2024_ws/devel/share/roseus/ros/sound_play/msg/SoundRequestActionGoal.l)
Linked: (/home/demulab-asus4070-2024/dspl2024_ws/devel/.private/sound_play/share/roseus/ros/sound_play/msg/SoundRequestGoal.l, /home/demulab-asus4070-2024/dspl2024_ws/devel/share/roseus/ros/sound_play/msg/SoundRequestGoal.l)
Linked: (/home/demulab-asus4070-2024/dspl2024_ws/devel/.private/sound_play/share/roseus/ros/sound_play/msg/SoundRequestAction.l, /home/demulab-asus4070-2024/dspl2024_ws/devel/share/roseus/ros/sound_play/msg/SoundRequestAction.l)
Linked: (/home/demulab-asus4070-2024/dspl2024_ws/devel/.private/sound_play/share/roseus/ros/sound_play/msg/SoundRequest.l, /home/demulab-asus4070-2024/dspl2024_ws/devel/share/roseus/ros/sound_play/msg/SoundRequest.l)
Linked: (/home/demulab-asus4070-2024/dspl2024_ws/devel/.private/sound_play/share/roseus/ros/sound_play/msg/SoundRequestResult.l, /home/demulab-asus4070-2024/dspl2024_ws/devel/share/roseus/ros/sound_play/msg/SoundRequestResult.l)
Linked: (/home/demulab-asus4070-2024/dspl2024_ws/devel/.private/sound_play/share/roseus/ros/sound_play/msg/SoundRequestActionFeedback.l, /home/demulab-asus4070-2024/dspl2024_ws/devel/share/roseus/ros/sound_play/msg/SoundRequestActionFeedback.l)
Linked: (/home/demulab-asus4070-2024/dspl2024_ws/devel/.private/sound_play/share/common-lisp/ros/sound_play/msg/_package_SoundRequestFeedback.lisp, /home/demulab-asus4070-2024/dspl2024_ws/devel/share/common-lisp/ros/sound_play/msg/_package_SoundRequestFeedback.lisp)
Linked: (/home/demulab-asus4070-2024/dspl2024_ws/devel/.private/sound_play/share/common-lisp/ros/sound_play/msg/_package_SoundRequestGoal.lisp, /home/demulab-asus4070-2024/dspl2024_ws/devel/share/common-lisp/ros/sound_play/msg/_package_SoundRequestGoal.lisp)
Linked: (/home/demulab-asus4070-2024/dspl2024_ws/devel/.private/sound_play/share/common-lisp/ros/sound_play/msg/SoundRequestAction.lisp, /home/demulab-asus4070-2024/dspl2024_ws/devel/share/common-lisp/ros/sound_play/msg/SoundRequestAction.lisp)
Linked: (/home/demulab-asus4070-2024/dspl2024_ws/devel/.private/sound_play/share/common-lisp/ros/sound_play/msg/sound_play-msg.asd, /home/demulab-asus4070-2024/dspl2024_ws/devel/share/common-lisp/ros/sound_play/msg/sound_play-msg.asd)
Linked: (/home/demulab-asus4070-2024/dspl2024_ws/devel/.private/sound_play/share/common-lisp/ros/sound_play/msg/_package_SoundRequestActionResult.lisp, /home/demulab-asus4070-2024/dspl2024_ws/devel/share/common-lisp/ros/sound_play/msg/_package_SoundRequestActionResult.lisp)
Linked: (/home/demulab-asus4070-2024/dspl2024_ws/devel/.private/sound_play/share/common-lisp/ros/sound_play/msg/_package_SoundRequestAction.lisp, /home/demulab-asus4070-2024/dspl2024_ws/devel/share/common-lisp/ros/sound_play/msg/_package_SoundRequestAction.lisp)
Linked: (/home/demulab-asus4070-2024/dspl2024_ws/devel/.private/sound_play/share/common-lisp/ros/sound_play/msg/_package.lisp, /home/demulab-asus4070-2024/dspl2024_ws/devel/share/common-lisp/ros/sound_play/msg/_package.lisp)
Linked: (/home/demulab-asus4070-2024/dspl2024_ws/devel/.private/sound_play/share/common-lisp/ros/sound_play/msg/SoundRequestGoal.lisp, /home/demulab-asus4070-2024/dspl2024_ws/devel/share/common-lisp/ros/sound_play/msg/SoundRequestGoal.lisp)
Linked: (/home/demulab-asus4070-2024/dspl2024_ws/devel/.private/sound_play/share/common-lisp/ros/sound_play/msg/SoundRequest.lisp, /home/demulab-asus4070-2024/dspl2024_ws/devel/share/common-lisp/ros/sound_play/msg/SoundRequest.lisp)
Linked: (/home/demulab-asus4070-2024/dspl2024_ws/devel/.private/sound_play/share/common-lisp/ros/sound_play/msg/SoundRequestResult.lisp, /home/demulab-asus4070-2024/dspl2024_ws/devel/share/common-lisp/ros/sound_play/msg/SoundRequestResult.lisp)
Linked: (/home/demulab-asus4070-2024/dspl2024_ws/devel/.private/sound_play/share/common-lisp/ros/sound_play/msg/SoundRequestActionFeedback.lisp, /home/demulab-asus4070-2024/dspl2024_ws/devel/share/common-lisp/ros/sound_play/msg/SoundRequestActionFeedback.lisp)
Linked: (/home/demulab-asus4070-2024/dspl2024_ws/devel/.private/sound_play/share/common-lisp/ros/sound_play/msg/_package_SoundRequestActionFeedback.lisp, /home/demulab-asus4070-2024/dspl2024_ws/devel/share/common-lisp/ros/sound_play/msg/_package_SoundRequestActionFeedback.lisp)
Linked: (/home/demulab-asus4070-2024/dspl2024_ws/devel/.private/sound_play/share/common-lisp/ros/sound_play/msg/SoundRequestActionResult.lisp, /home/demulab-asus4070-2024/dspl2024_ws/devel/share/common-lisp/ros/sound_play/msg/SoundRequestActionResult.lisp)
Linked: (/home/demulab-asus4070-2024/dspl2024_ws/devel/.private/sound_play/share/common-lisp/ros/sound_play/msg/SoundRequestActionGoal.lisp, /home/demulab-asus4070-2024/dspl2024_ws/devel/share/common-lisp/ros/sound_play/msg/SoundRequestActionGoal.lisp)
Linked: (/home/demulab-asus4070-2024/dspl2024_ws/devel/.private/sound_play/share/common-lisp/ros/sound_play/msg/_package_SoundRequestActionGoal.lisp, /home/demulab-asus4070-2024/dspl2024_ws/devel/share/common-lisp/ros/sound_play/msg/_package_SoundRequestActionGoal.lisp)
Linked: (/home/demulab-asus4070-2024/dspl2024_ws/devel/.private/sound_play/share/common-lisp/ros/sound_play/msg/SoundRequestFeedback.lisp, /home/demulab-asus4070-2024/dspl2024_ws/devel/share/common-lisp/ros/sound_play/msg/SoundRequestFeedback.lisp)
Linked: (/home/demulab-asus4070-2024/dspl2024_ws/devel/.private/sound_play/share/common-lisp/ros/sound_play/msg/_package_SoundRequest.lisp, /home/demulab-asus4070-2024/dspl2024_ws/devel/share/common-lisp/ros/sound_play/msg/_package_SoundRequest.lisp)
Linked: (/home/demulab-asus4070-2024/dspl2024_ws/devel/.private/sound_play/share/common-lisp/ros/sound_play/msg/_package_SoundRequestResult.lisp, /home/demulab-asus4070-2024/dspl2024_ws/devel/share/common-lisp/ros/sound_play/msg/_package_SoundRequestResult.lisp)
Linked: (/home/demulab-asus4070-2024/dspl2024_ws/devel/.private/sound_play/share/gennodejs/ros/sound_play/_index.js, /home/demulab-asus4070-2024/dspl2024_ws/devel/share/gennodejs/ros/sound_play/_index.js)
Linked: (/home/demulab-asus4070-2024/dspl2024_ws/devel/.private/sound_play/share/gennodejs/ros/sound_play/msg/SoundRequestResult.js, /home/demulab-asus4070-2024/dspl2024_ws/devel/share/gennodejs/ros/sound_play/msg/SoundRequestResult.js)
Linked: (/home/demulab-asus4070-2024/dspl2024_ws/devel/.private/sound_play/share/gennodejs/ros/sound_play/msg/SoundRequestActionGoal.js, /home/demulab-asus4070-2024/dspl2024_ws/devel/share/gennodejs/ros/sound_play/msg/SoundRequestActionGoal.js)
Linked: (/home/demulab-asus4070-2024/dspl2024_ws/devel/.private/sound_play/share/gennodejs/ros/sound_play/msg/SoundRequest.js, /home/demulab-asus4070-2024/dspl2024_ws/devel/share/gennodejs/ros/sound_play/msg/SoundRequest.js)
Linked: (/home/demulab-asus4070-2024/dspl2024_ws/devel/.private/sound_play/share/gennodejs/ros/sound_play/msg/SoundRequestAction.js, /home/demulab-asus4070-2024/dspl2024_ws/devel/share/gennodejs/ros/sound_play/msg/SoundRequestAction.js)
Linked: (/home/demulab-asus4070-2024/dspl2024_ws/devel/.private/sound_play/share/gennodejs/ros/sound_play/msg/SoundRequestFeedback.js, /home/demulab-asus4070-2024/dspl2024_ws/devel/share/gennodejs/ros/sound_play/msg/SoundRequestFeedback.js)
Linked: (/home/demulab-asus4070-2024/dspl2024_ws/devel/.private/sound_play/share/gennodejs/ros/sound_play/msg/SoundRequestActionResult.js, /home/demulab-asus4070-2024/dspl2024_ws/devel/share/gennodejs/ros/sound_play/msg/SoundRequestActionResult.js)
Linked: (/home/demulab-asus4070-2024/dspl2024_ws/devel/.private/sound_play/share/gennodejs/ros/sound_play/msg/SoundRequestGoal.js, /home/demulab-asus4070-2024/dspl2024_ws/devel/share/gennodejs/ros/sound_play/msg/SoundRequestGoal.js)
Linked: (/home/demulab-asus4070-2024/dspl2024_ws/devel/.private/sound_play/share/gennodejs/ros/sound_play/msg/_index.js, /home/demulab-asus4070-2024/dspl2024_ws/devel/share/gennodejs/ros/sound_play/msg/_index.js)
Linked: (/home/demulab-asus4070-2024/dspl2024_ws/devel/.private/sound_play/share/gennodejs/ros/sound_play/msg/SoundRequestActionFeedback.js, /home/demulab-asus4070-2024/dspl2024_ws/devel/share/gennodejs/ros/sound_play/msg/SoundRequestActionFeedback.js)
Linked: (/home/demulab-asus4070-2024/dspl2024_ws/devel/.private/sound_play/share/sound_play/cmake/sound_playConfig-version.cmake, /home/demulab-asus4070-2024/dspl2024_ws/devel/share/sound_play/cmake/sound_playConfig-version.cmake)
Linked: (/home/demulab-asus4070-2024/dspl2024_ws/devel/.private/sound_play/share/sound_play/cmake/sound_play-msg-extras.cmake, /home/demulab-asus4070-2024/dspl2024_ws/devel/share/sound_play/cmake/sound_play-msg-extras.cmake)
Linked: (/home/demulab-asus4070-2024/dspl2024_ws/devel/.private/sound_play/share/sound_play/cmake/sound_play-msg-paths.cmake, /home/demulab-asus4070-2024/dspl2024_ws/devel/share/sound_play/cmake/sound_play-msg-paths.cmake)
Linked: (/home/demulab-asus4070-2024/dspl2024_ws/devel/.private/sound_play/share/sound_play/cmake/sound_playConfig.cmake, /home/demulab-asus4070-2024/dspl2024_ws/devel/share/sound_play/cmake/sound_playConfig.cmake)
Linked: (/home/demulab-asus4070-2024/dspl2024_ws/devel/.private/sound_play/share/sound_play/msg/SoundRequestActionGoal.msg, /home/demulab-asus4070-2024/dspl2024_ws/devel/share/sound_play/msg/SoundRequestActionGoal.msg)
Linked: (/home/demulab-asus4070-2024/dspl2024_ws/devel/.private/sound_play/share/sound_play/msg/SoundRequestActionFeedback.msg, /home/demulab-asus4070-2024/dspl2024_ws/devel/share/sound_play/msg/SoundRequestActionFeedback.msg)
Linked: (/home/demulab-asus4070-2024/dspl2024_ws/devel/.private/sound_play/share/sound_play/msg/SoundRequestActionResult.msg, /home/demulab-asus4070-2024/dspl2024_ws/devel/share/sound_play/msg/SoundRequestActionResult.msg)
Linked: (/home/demulab-asus4070-2024/dspl2024_ws/devel/.private/sound_play/share/sound_play/msg/SoundRequestGoal.msg, /home/demulab-asus4070-2024/dspl2024_ws/devel/share/sound_play/msg/SoundRequestGoal.msg)
Linked: (/home/demulab-asus4070-2024/dspl2024_ws/devel/.private/sound_play/share/sound_play/msg/SoundRequestAction.msg, /home/demulab-asus4070-2024/dspl2024_ws/devel/share/sound_play/msg/SoundRequestAction.msg)
Linked: (/home/demulab-asus4070-2024/dspl2024_ws/devel/.private/sound_play/share/sound_play/msg/SoundRequestResult.msg, /home/demulab-asus4070-2024/dspl2024_ws/devel/share/sound_play/msg/SoundRequestResult.msg)
Linked: (/home/demulab-asus4070-2024/dspl2024_ws/devel/.private/sound_play/share/sound_play/msg/SoundRequestFeedback.msg, /home/demulab-asus4070-2024/dspl2024_ws/devel/share/sound_play/msg/SoundRequestFeedback.msg)
